

================================================================
== Vivado HLS Report for 'cnn_conv_d64x64_k3x3'
================================================================
* Date:           Sat Apr 03 13:24:15 2021

* Version:        2016.4 (Build 1756540 on Mon Jan 23 19:31:01 MST 2017)
* Project:        cnn_conv_d64x64_k3x3
* Solution:       solution1
* Product family: zynq
* Target device:  xc7z020clg484-1


================================================================
== Performance Estimates
================================================================
+ Timing (ns): 
    * Summary: 
    +--------+-------+----------+------------+
    |  Clock | Target| Estimated| Uncertainty|
    +--------+-------+----------+------------+
    |ap_clk  |  10.00|      8.05|        1.25|
    +--------+-------+----------+------------+

+ Latency (clock cycles): 
    * Summary: 
    +------+------+------+------+---------+
    |   Latency   |   Interval  | Pipeline|
    |  min |  max |  min |  max |   Type  |
    +------+------+------+------+---------+
    |  4183|  4183|  4184|  4184|   none  |
    +------+------+------+------+---------+

    + Detail: 
        * Instance: 
        +----------------------------+-----------------+-----+-----+-----+-----+----------+
        |                            |                 |  Latency  |  Interval | Pipeline |
        |          Instance          |      Module     | min | max | min | max |   Type   |
        +----------------------------+-----------------+-----+-----+-----+-----+----------+
        |grp_fixed_point_mul_fu_531  |fixed_point_mul  |    7|    7|    1|    1| function |
        |grp_fixed_point_mul_fu_538  |fixed_point_mul  |    7|    7|    1|    1| function |
        |grp_fixed_point_mul_fu_545  |fixed_point_mul  |    7|    7|    1|    1| function |
        |grp_fixed_point_mul_fu_552  |fixed_point_mul  |    7|    7|    1|    1| function |
        |grp_fixed_point_mul_fu_559  |fixed_point_mul  |    7|    7|    1|    1| function |
        |grp_fixed_point_mul_fu_567  |fixed_point_mul  |    7|    7|    1|    1| function |
        |grp_fixed_point_mul_fu_575  |fixed_point_mul  |    7|    7|    1|    1| function |
        |grp_fixed_point_mul_fu_582  |fixed_point_mul  |    7|    7|    1|    1| function |
        |grp_fixed_point_mul_fu_590  |fixed_point_mul  |    7|    7|    1|    1| function |
        +----------------------------+-----------------+-----+-----+-----+-----+----------+

        * Loop: 
        +----------+------+------+----------+-----------+-----------+------+----------+
        |          |   Latency   | Iteration|  Initiation Interval  | Trip |          |
        | Loop Name|  min |  max |  Latency |  achieved |   target  | Count| Pipelined|
        +----------+------+------+----------+-----------+-----------+------+----------+
        |- Loop 1  |     2|     2|         2|          1|          1|     2|    yes   |
        |- Loop 2  |    64|    64|         2|          1|          1|    64|    yes   |
        |- Loop 3  |     4|     4|         2|          1|          1|     4|    yes   |
        |- Loop 4  |  4105|  4105|        11|          1|          1|  4096|    yes   |
        +----------+------+------+----------+-----------+-----------+------+----------+



================================================================
== Utilization Estimates
================================================================
* Summary: 
+-----------------+---------+-------+--------+-------+
|       Name      | BRAM_18K| DSP48E|   FF   |  LUT  |
+-----------------+---------+-------+--------+-------+
|DSP              |        -|      -|       -|      -|
|Expression       |        -|      -|       0|    752|
|FIFO             |        -|      -|       -|      -|
|Instance         |        0|     36|    1766|   3218|
|Memory           |        4|      -|       0|      0|
|Multiplexer      |        -|      -|       -|    456|
|Register         |        -|      -|     927|      2|
+-----------------+---------+-------+--------+-------+
|Total            |        4|     36|    2693|   4428|
+-----------------+---------+-------+--------+-------+
|Available        |      280|    220|  106400|  53200|
+-----------------+---------+-------+--------+-------+
|Utilization (%)  |        1|     16|       2|      8|
+-----------------+---------+-------+--------+-------+

+ Detail: 
    * Instance: 
    +-----------------------------------+---------------------------------+---------+-------+-----+-----+
    |              Instance             |              Module             | BRAM_18K| DSP48E|  FF | LUT |
    +-----------------------------------+---------------------------------+---------+-------+-----+-----+
    |cnn_conv_d64x64_k3x3_CTRL_s_axi_U  |cnn_conv_d64x64_k3x3_CTRL_s_axi  |        0|      0|  416|  680|
    |grp_fixed_point_mul_fu_531         |fixed_point_mul                  |        0|      4|  150|  282|
    |grp_fixed_point_mul_fu_538         |fixed_point_mul                  |        0|      4|  150|  282|
    |grp_fixed_point_mul_fu_545         |fixed_point_mul                  |        0|      4|  150|  282|
    |grp_fixed_point_mul_fu_552         |fixed_point_mul                  |        0|      4|  150|  282|
    |grp_fixed_point_mul_fu_559         |fixed_point_mul                  |        0|      4|  150|  282|
    |grp_fixed_point_mul_fu_567         |fixed_point_mul                  |        0|      4|  150|  282|
    |grp_fixed_point_mul_fu_575         |fixed_point_mul                  |        0|      4|  150|  282|
    |grp_fixed_point_mul_fu_582         |fixed_point_mul                  |        0|      4|  150|  282|
    |grp_fixed_point_mul_fu_590         |fixed_point_mul                  |        0|      4|  150|  282|
    +-----------------------------------+---------------------------------+---------+-------+-----+-----+
    |Total                              |                                 |        0|     36| 1766| 3218|
    +-----------------------------------+---------------------------------+---------+-------+-----+-----+

    * DSP48: 
    N/A

    * Memory: 
    +----------------+----------------------+---------+---+----+------+-----+------+-------------+
    |     Memory     |        Module        | BRAM_18K| FF| LUT| Words| Bits| Banks| W*Bits*Banks|
    +----------------+----------------------+---------+---+----+------+-----+------+-------------+
    |lineBuffer_0_U  |cnn_conv_d64x64_kcud  |        2|  0|   0|    64|   32|     1|         2048|
    |lineBuffer_1_U  |cnn_conv_d64x64_kcud  |        2|  0|   0|    64|   32|     1|         2048|
    +----------------+----------------------+---------+---+----+------+-----+------+-------------+
    |Total           |                      |        4|  0|   0|   128|   64|     2|         4096|
    +----------------+----------------------+---------+---+----+------+-----+------+-------------+

    * FIFO: 
    N/A

    * Expression: 
    +-------------------------------------+----------+-------+---+----+------------+------------+
    |            Variable Name            | Operation| DSP48E| FF| LUT| Bitwidth P0| Bitwidth P1|
    +-------------------------------------+----------+-------+---+----+------------+------------+
    |indvar_flatten_next7_fu_828_p2       |     +    |      0|  0|  13|          13|           1|
    |indvar_flatten_next_fu_646_p2        |     +    |      0|  0|   3|           3|           1|
    |readCount_fu_957_p2                  |     +    |      0|  0|  32|          32|           1|
    |result_4_2_2_i_fu_1147_p2            |     +    |      0|  0|  27|          27|          27|
    |tmp1_fu_1043_p2                      |     +    |      0|  0|  24|          24|          24|
    |tmp4_fu_1061_p2                      |     +    |      0|  0|  24|          24|          24|
    |tmp5_fu_1071_p2                      |     +    |      0|  0|  25|          25|          25|
    |tmp6_fu_1085_p2                      |     +    |      0|  0|  24|          24|          24|
    |tmp7_fu_1099_p2                      |     +    |      0|  0|  24|          24|          24|
    |tmp8_fu_1113_p2                      |     +    |      0|  0|  25|          25|          25|
    |tmp9_fu_1137_p2                      |     +    |      0|  0|  26|          26|          26|
    |tmp_s_fu_708_p2                      |     +    |      0|  0|   3|           3|           3|
    |writeCount_fu_1122_p2                |     +    |      0|  0|  32|          32|           1|
    |x_1_fu_612_p2                        |     +    |      0|  0|   7|           7|           1|
    |x_2_fu_629_p2                        |     +    |      0|  0|   7|           7|           1|
    |x_3_fu_730_p2                        |     +    |      0|  0|   2|           1|           2|
    |x_4_fu_968_p2                        |     +    |      0|  0|   7|           7|           1|
    |y9_fu_666_p2                         |     +    |      0|  0|   2|           1|           2|
    |y_s_fu_848_p2                        |     +    |      0|  0|   7|           7|           1|
    |ap_condition_965                     |    and   |      0|  0|   1|           1|           1|
    |inStream_V_data_V_0_load_A           |    and   |      0|  0|   1|           1|           1|
    |inStream_V_data_V_0_load_B           |    and   |      0|  0|   1|           1|           1|
    |outStream_V_data_V_1_load_A          |    and   |      0|  0|   1|           1|           1|
    |outStream_V_data_V_1_load_B          |    and   |      0|  0|   1|           1|           1|
    |outStream_V_last_V_1_load_A          |    and   |      0|  0|   1|           1|           1|
    |outStream_V_last_V_1_load_B          |    and   |      0|  0|   1|           1|           1|
    |cond1_fu_724_p2                      |   icmp   |      0|  0|   1|           2|           1|
    |cond_fu_690_p2                       |   icmp   |      0|  0|   1|           2|           1|
    |cond_mid1_fu_684_p2                  |   icmp   |      0|  0|   1|           2|           1|
    |exitcond1_fu_606_p2                  |   icmp   |      0|  0|   3|           7|           8|
    |exitcond2_fu_834_p2                  |   icmp   |      0|  0|   3|           7|           8|
    |exitcond4_fu_623_p2                  |   icmp   |      0|  0|   3|           7|           8|
    |exitcond_flatten8_fu_822_p2          |   icmp   |      0|  0|   5|          13|          14|
    |exitcond_flatten_fu_640_p2           |   icmp   |      0|  0|   2|           3|           4|
    |exitcond_fu_652_p2                   |   icmp   |      0|  0|   1|           2|           2|
    |icmp_fu_951_p2                       |   icmp   |      0|  0|   7|          20|           1|
    |inStream_V_data_V_0_state_cmp_full   |   icmp   |      0|  0|   1|           2|           1|
    |outStream_V_data_V_1_state_cmp_full  |   icmp   |      0|  0|   1|           2|           1|
    |outStream_V_last_V_1_state_cmp_full  |   icmp   |      0|  0|   1|           2|           1|
    |tmp_1_i_fu_914_p2                    |   icmp   |      0|  0|   3|           7|           6|
    |tmp_2_i_fu_880_p2                    |   icmp   |      0|  0|   3|           7|           6|
    |tmp_2_i_mid1_fu_874_p2               |   icmp   |      0|  0|   3|           7|           6|
    |tmp_i_15_fu_908_p2                   |   icmp   |      0|  0|   3|           7|           1|
    |tmp_i_fu_860_p2                      |   icmp   |      0|  0|   3|           7|           1|
    |tmp_i_mid1_fu_854_p2                 |   icmp   |      0|  0|   3|           7|           1|
    |tmp_last_V_fu_1189_p2                |   icmp   |      0|  0|  11|          32|          12|
    |ap_condition_1746                    |    or    |      0|  0|   1|           1|           1|
    |p_i_fu_932_p2                        |    or    |      0|  0|   1|           1|           1|
    |tmp2_fu_920_p2                       |    or    |      0|  0|   1|           1|           1|
    |tmp3_fu_926_p2                       |    or    |      0|  0|   1|           1|           1|
    |cond_mid2_fu_696_p3                  |  select  |      0|  0|   1|           1|           1|
    |result_fu_1165_p3                    |  select  |      0|  0|  27|           1|           1|
    |tmp_2_i_mid2_fu_886_p3               |  select  |      0|  0|   1|           1|           1|
    |tmp_2_mid2_v_fu_672_p3               |  select  |      0|  0|   2|           1|           2|
    |tmp_data_V_2_fu_1181_p3              |  select  |      0|  0|  32|           1|          32|
    |tmp_i_mid2_fu_866_p3                 |  select  |      0|  0|   1|           1|           1|
    |window_1_1_2_fu_736_p3               |  select  |      0|  0|  32|           1|          32|
    |window_2_2_1_fu_743_p3               |  select  |      0|  0|  32|           1|          32|
    |window_2_2_2_fu_750_p3               |  select  |      0|  0|  32|           1|          32|
    |window_2_2_4_fu_757_p3               |  select  |      0|  0|  32|           1|          32|
    |window_2_2_5_fu_764_p3               |  select  |      0|  0|  32|           1|          32|
    |window_2_2_6_fu_771_p3               |  select  |      0|  0|  32|           1|          32|
    |window_2_2_7_fu_778_p3               |  select  |      0|  0|  32|           1|          32|
    |window_2_2_8_fu_785_p3               |  select  |      0|  0|  32|           1|          32|
    |window_2_2_9_fu_792_p3               |  select  |      0|  0|  32|           1|          32|
    |x4_mid2_fu_658_p3                    |  select  |      0|  0|   2|           1|           1|
    |x_assign_mid2_fu_840_p3              |  select  |      0|  0|   7|           1|           1|
    |y_assign_mid2_fu_894_p3              |  select  |      0|  0|   7|           1|           7|
    +-------------------------------------+----------+-------+---+----+------------+------------+
    |Total                                |          |      0|  0| 752|         486|         644|
    +-------------------------------------+----------+-------+---+----+------------+------------+

    * Multiplexer: 
    +-------------------------------+----+-----------+-----+-----------+
    |              Name             | LUT| Input Size| Bits| Total Bits|
    +-------------------------------+----+-----------+-----+-----------+
    |ap_NS_fsm                      |   4|         10|    1|         10|
    |ap_enable_reg_pp3_iter1        |   1|          2|    1|          2|
    |ap_enable_reg_pp3_iter10       |   1|          2|    1|          2|
    |ap_enable_reg_pp3_iter2        |   1|          2|    1|          2|
    |inStream_TDATA_blk_n           |   1|          2|    1|          2|
    |inStream_V_data_V_0_data_out   |  32|          2|   32|         64|
    |inStream_V_data_V_0_state      |   2|          3|    2|          6|
    |inStream_V_dest_V_0_state      |   2|          3|    2|          6|
    |indvar_flatten6_reg_464        |  13|          2|   13|         26|
    |indvar_flatten_reg_395         |   3|          2|    3|          6|
    |lineBuffer_0_address0          |   6|          4|    6|         24|
    |lineBuffer_1_address0          |   6|          4|    6|         24|
    |outStream_TDATA_blk_n          |   1|          2|    1|          2|
    |outStream_V_data_V_1_data_out  |  32|          2|   32|         64|
    |outStream_V_data_V_1_state     |   2|          3|    2|          6|
    |outStream_V_dest_V_1_state     |   2|          3|    2|          6|
    |outStream_V_id_V_1_state       |   2|          3|    2|          6|
    |outStream_V_keep_V_1_state     |   2|          3|    2|          6|
    |outStream_V_last_V_1_data_out  |   1|          2|    1|          2|
    |outStream_V_last_V_1_state     |   2|          3|    2|          6|
    |outStream_V_strb_V_1_state     |   2|          3|    2|          6|
    |outStream_V_user_V_1_state     |   2|          3|    2|          6|
    |readCount_1_fu_202             |  32|          2|   32|         64|
    |window_1_0_phi_fu_522_p4       |  32|          2|   32|         64|
    |window_1_0_reg_519             |  32|          2|   32|         64|
    |window_1_1_phi_fu_511_p4       |  32|          2|   32|         64|
    |window_1_1_reg_508             |  32|          2|   32|         64|
    |window_2_0_phi_fu_500_p4       |  32|          2|   32|         64|
    |window_2_0_reg_497             |  32|          2|   32|         64|
    |window_2_1_fu_194              |  32|          2|   32|         64|
    |writeCount_1_fu_198            |  32|          2|   32|         64|
    |x1_phi_fu_387_p4               |   7|          2|    7|         14|
    |x1_reg_383                     |   7|          2|    7|         14|
    |x4_reg_453                     |   2|          2|    2|          4|
    |x_assign_reg_486               |   7|          2|    7|         14|
    |x_phi_fu_375_p4                |   7|          2|    7|         14|
    |x_reg_371                      |   7|          2|    7|         14|
    |y3_phi_fu_410_p4               |   2|          2|    2|          4|
    |y3_reg_406                     |   2|          2|    2|          4|
    |y_assign_reg_475               |   7|          2|    7|         14|
    +-------------------------------+----+-----------+-----+-----------+
    |Total                          | 456|        101|  453|        956|
    +-------------------------------+----+-----------+-----+-----------+

    * Register: 
    +--------------------------------------------------------+----+----+-----+-----------+
    |                          Name                          | FF | LUT| Bits| Const Bits|
    +--------------------------------------------------------+----+----+-----+-----------+
    |ap_CS_fsm                                               |   9|   0|    9|          0|
    |ap_enable_reg_pp0_iter0                                 |   1|   0|    1|          0|
    |ap_enable_reg_pp0_iter1                                 |   1|   0|    1|          0|
    |ap_enable_reg_pp1_iter0                                 |   1|   0|    1|          0|
    |ap_enable_reg_pp1_iter1                                 |   1|   0|    1|          0|
    |ap_enable_reg_pp2_iter0                                 |   1|   0|    1|          0|
    |ap_enable_reg_pp2_iter1                                 |   1|   0|    1|          0|
    |ap_enable_reg_pp3_iter0                                 |   1|   0|    1|          0|
    |ap_enable_reg_pp3_iter1                                 |   1|   0|    1|          0|
    |ap_enable_reg_pp3_iter10                                |   1|   0|    1|          0|
    |ap_enable_reg_pp3_iter2                                 |   1|   0|    1|          0|
    |ap_enable_reg_pp3_iter3                                 |   1|   0|    1|          0|
    |ap_enable_reg_pp3_iter4                                 |   1|   0|    1|          0|
    |ap_enable_reg_pp3_iter5                                 |   1|   0|    1|          0|
    |ap_enable_reg_pp3_iter6                                 |   1|   0|    1|          0|
    |ap_enable_reg_pp3_iter7                                 |   1|   0|    1|          0|
    |ap_enable_reg_pp3_iter8                                 |   1|   0|    1|          0|
    |ap_enable_reg_pp3_iter9                                 |   1|   0|    1|          0|
    |ap_pipeline_reg_pp3_iter1_lineBuffer_1_addr_2_reg_1377  |   6|   0|    6|          0|
    |cond1_reg_1267                                          |   1|   0|    1|          0|
    |cond_mid2_reg_1249                                      |   1|   0|    1|          0|
    |ctrl_read_reg_1201                                      |  32|   0|   32|          0|
    |exitcond1_reg_1206                                      |   1|   0|    1|          0|
    |exitcond4_reg_1215                                      |   1|   0|    1|          0|
    |exitcond_flatten8_reg_1353                              |   1|   0|    1|          0|
    |exitcond_flatten_reg_1230                               |   1|   0|    1|          0|
    |icmp_reg_1383                                           |   1|   0|    1|          0|
    |inStream_V_data_V_0_payload_A                           |  32|   0|   32|          0|
    |inStream_V_data_V_0_payload_B                           |  32|   0|   32|          0|
    |inStream_V_data_V_0_sel_rd                              |   1|   0|    1|          0|
    |inStream_V_data_V_0_sel_wr                              |   1|   0|    1|          0|
    |inStream_V_data_V_0_state                               |   2|   0|    2|          0|
    |inStream_V_dest_V_0_state                               |   2|   0|    2|          0|
    |indvar_flatten6_reg_464                                 |  13|   0|   13|          0|
    |indvar_flatten_reg_395                                  |   3|   0|    3|          0|
    |lineBuffer_0_addr_2_reg_1371                            |   6|   0|    6|          0|
    |lineBuffer_1_addr_2_reg_1377                            |   6|   0|    6|          0|
    |outStream_V_data_V_1_payload_A                          |  32|   0|   32|          0|
    |outStream_V_data_V_1_payload_B                          |  32|   0|   32|          0|
    |outStream_V_data_V_1_sel_rd                             |   1|   0|    1|          0|
    |outStream_V_data_V_1_sel_wr                             |   1|   0|    1|          0|
    |outStream_V_data_V_1_state                              |   2|   0|    2|          0|
    |outStream_V_dest_V_1_sel_rd                             |   1|   0|    1|          0|
    |outStream_V_dest_V_1_state                              |   2|   0|    2|          0|
    |outStream_V_id_V_1_sel_rd                               |   1|   0|    1|          0|
    |outStream_V_id_V_1_state                                |   2|   0|    2|          0|
    |outStream_V_keep_V_1_sel_rd                             |   1|   0|    1|          0|
    |outStream_V_keep_V_1_state                              |   2|   0|    2|          0|
    |outStream_V_last_V_1_payload_A                          |   1|   0|    1|          0|
    |outStream_V_last_V_1_payload_B                          |   1|   0|    1|          0|
    |outStream_V_last_V_1_sel_rd                             |   1|   0|    1|          0|
    |outStream_V_last_V_1_sel_wr                             |   1|   0|    1|          0|
    |outStream_V_last_V_1_state                              |   2|   0|    2|          0|
    |outStream_V_strb_V_1_sel_rd                             |   1|   0|    1|          0|
    |outStream_V_strb_V_1_state                              |   2|   0|    2|          0|
    |outStream_V_user_V_1_sel_rd                             |   1|   0|    1|          0|
    |outStream_V_user_V_1_state                              |   2|   0|    2|          0|
    |p_i_reg_1367                                            |   1|   0|    1|          0|
    |readCount_1_fu_202                                      |  32|   0|   32|          0|
    |tmp5_reg_1403                                           |  25|   0|   25|          0|
    |tmp6_reg_1408                                           |  24|   0|   24|          0|
    |tmp8_reg_1413                                           |  25|   0|   25|          0|
    |tmp_2_mid2_v_reg_1239                                   |   2|   0|    2|          0|
    |tmp_8_reg_1348                                          |   1|   0|    1|          0|
    |tmp_9_reg_1244                                          |   1|   0|    1|          0|
    |windowRightCol_1_reg_1398                               |  32|   0|   32|          0|
    |window_0_0_fu_178                                       |  32|   0|   32|          0|
    |window_0_0_read_as_fu_174                               |  32|   0|   32|          0|
    |window_0_1_fu_182                                       |  32|   0|   32|          0|
    |window_1_0_read_as_fu_186                               |  32|   0|   32|          0|
    |window_1_0_reg_519                                      |  32|   0|   32|          0|
    |window_1_1_1_reg_441                                    |  32|   0|   32|          0|
    |window_1_1_reg_508                                      |  32|   0|   32|          0|
    |window_1_2_1_reg_429                                    |  32|   0|   32|          0|
    |window_2_0_read_as_fu_190                               |  32|   0|   32|          0|
    |window_2_0_reg_497                                      |  32|   0|   32|          0|
    |window_2_1_1_reg_417                                    |  32|   0|   32|          0|
    |window_2_1_2_reg_1392                                   |  32|   0|   32|          0|
    |window_2_1_fu_194                                       |  32|   0|   32|          0|
    |window_2_2_fu_170                                       |  32|   0|   32|          0|
    |writeCount_1_fu_198                                     |  32|   0|   32|          0|
    |x1_reg_383                                              |   7|   0|    7|          0|
    |x4_reg_453                                              |   2|   0|    2|          0|
    |x_1_reg_1210                                            |   7|   0|    7|          0|
    |x_2_reg_1219                                            |   7|   0|    7|          0|
    |x_assign_reg_486                                        |   7|   0|    7|          0|
    |x_reg_371                                               |   7|   0|    7|          0|
    |y3_reg_406                                              |   2|   0|    2|          0|
    |y_assign_reg_475                                        |   7|   0|    7|          0|
    |exitcond_flatten8_reg_1353                              |   0|   1|    1|          0|
    |p_i_reg_1367                                            |   0|   1|    1|          0|
    +--------------------------------------------------------+----+----+-----+-----------+
    |Total                                                   | 927|   2|  929|          0|
    +--------------------------------------------------------+----+----+-----+-----------+



================================================================
== Interface
================================================================
* Summary: 
+--------------------+-----+-----+------------+----------------------+--------------+
|      RTL Ports     | Dir | Bits|  Protocol  |     Source Object    |    C Type    |
+--------------------+-----+-----+------------+----------------------+--------------+
|s_axi_CTRL_AWVALID  |  in |    1|    s_axi   |         CTRL         |    pointer   |
|s_axi_CTRL_AWREADY  | out |    1|    s_axi   |         CTRL         |    pointer   |
|s_axi_CTRL_AWADDR   |  in |    7|    s_axi   |         CTRL         |    pointer   |
|s_axi_CTRL_WVALID   |  in |    1|    s_axi   |         CTRL         |    pointer   |
|s_axi_CTRL_WREADY   | out |    1|    s_axi   |         CTRL         |    pointer   |
|s_axi_CTRL_WDATA    |  in |   32|    s_axi   |         CTRL         |    pointer   |
|s_axi_CTRL_WSTRB    |  in |    4|    s_axi   |         CTRL         |    pointer   |
|s_axi_CTRL_ARVALID  |  in |    1|    s_axi   |         CTRL         |    pointer   |
|s_axi_CTRL_ARREADY  | out |    1|    s_axi   |         CTRL         |    pointer   |
|s_axi_CTRL_ARADDR   |  in |    7|    s_axi   |         CTRL         |    pointer   |
|s_axi_CTRL_RVALID   | out |    1|    s_axi   |         CTRL         |    pointer   |
|s_axi_CTRL_RREADY   |  in |    1|    s_axi   |         CTRL         |    pointer   |
|s_axi_CTRL_RDATA    | out |   32|    s_axi   |         CTRL         |    pointer   |
|s_axi_CTRL_RRESP    | out |    2|    s_axi   |         CTRL         |    pointer   |
|s_axi_CTRL_BVALID   | out |    1|    s_axi   |         CTRL         |    pointer   |
|s_axi_CTRL_BREADY   |  in |    1|    s_axi   |         CTRL         |    pointer   |
|s_axi_CTRL_BRESP    | out |    2|    s_axi   |         CTRL         |    pointer   |
|ap_clk              |  in |    1| ap_ctrl_hs | cnn_conv_d64x64_k3x3 | return value |
|ap_rst_n            |  in |    1| ap_ctrl_hs | cnn_conv_d64x64_k3x3 | return value |
|interrupt           | out |    1| ap_ctrl_hs | cnn_conv_d64x64_k3x3 | return value |
|inStream_TDATA      |  in |   32|    axis    |   inStream_V_data_V  |    pointer   |
|inStream_TVALID     |  in |    1|    axis    |   inStream_V_dest_V  |    pointer   |
|inStream_TREADY     | out |    1|    axis    |   inStream_V_dest_V  |    pointer   |
|inStream_TDEST      |  in |    6|    axis    |   inStream_V_dest_V  |    pointer   |
|inStream_TKEEP      |  in |    4|    axis    |   inStream_V_keep_V  |    pointer   |
|inStream_TSTRB      |  in |    4|    axis    |   inStream_V_strb_V  |    pointer   |
|inStream_TUSER      |  in |    2|    axis    |   inStream_V_user_V  |    pointer   |
|inStream_TLAST      |  in |    1|    axis    |   inStream_V_last_V  |    pointer   |
|inStream_TID        |  in |    5|    axis    |    inStream_V_id_V   |    pointer   |
|outStream_TDATA     | out |   32|    axis    |  outStream_V_data_V  |    pointer   |
|outStream_TVALID    | out |    1|    axis    |  outStream_V_dest_V  |    pointer   |
|outStream_TREADY    |  in |    1|    axis    |  outStream_V_dest_V  |    pointer   |
|outStream_TDEST     | out |    6|    axis    |  outStream_V_dest_V  |    pointer   |
|outStream_TKEEP     | out |    4|    axis    |  outStream_V_keep_V  |    pointer   |
|outStream_TSTRB     | out |    4|    axis    |  outStream_V_strb_V  |    pointer   |
|outStream_TUSER     | out |    2|    axis    |  outStream_V_user_V  |    pointer   |
|outStream_TLAST     | out |    1|    axis    |  outStream_V_last_V  |    pointer   |
|outStream_TID       | out |    5|    axis    |   outStream_V_id_V   |    pointer   |
+--------------------+-----+-----+------------+----------------------+--------------+

