

================================================================
== Vivado HLS Report for 'cnn_conv_d14x14_k3x3'
================================================================
* Date:           Wed Apr 07 17:30:33 2021

* Version:        2016.4 (Build 1756540 on Mon Jan 23 19:31:01 MST 2017)
* Project:        cnn_conv_d14x14_k3x3
* Solution:       solution1
* Product family: zynq
* Target device:  xc7z020clg484-1


================================================================
== Performance Estimates
================================================================
+ Timing (ns): 
    * Summary: 
    +--------+-------+----------+------------+
    |  Clock | Target| Estimated| Uncertainty|
    +--------+-------+----------+------------+
    |ap_clk  |  10.00|      7.97|        1.25|
    +--------+-------+----------+------------+

+ Latency (clock cycles): 
    * Summary: 
    +-----+-----+-----+-----+---------+
    |  Latency  |  Interval | Pipeline|
    | min | max | min | max |   Type  |
    +-----+-----+-----+-----+---------+
    |  233|  233|  234|  234|   none  |
    +-----+-----+-----+-----+---------+

    + Detail: 
        * Instance: 
        +----------------------------+-----------------+-----+-----+-----+-----+----------+
        |                            |                 |  Latency  |  Interval | Pipeline |
        |          Instance          |      Module     | min | max | min | max |   Type   |
        +----------------------------+-----------------+-----+-----+-----+-----+----------+
        |grp_fixed_point_mul_fu_525  |fixed_point_mul  |    7|    7|    1|    1| function |
        |grp_fixed_point_mul_fu_532  |fixed_point_mul  |    7|    7|    1|    1| function |
        |grp_fixed_point_mul_fu_539  |fixed_point_mul  |    7|    7|    1|    1| function |
        |grp_fixed_point_mul_fu_546  |fixed_point_mul  |    7|    7|    1|    1| function |
        |grp_fixed_point_mul_fu_553  |fixed_point_mul  |    7|    7|    1|    1| function |
        |grp_fixed_point_mul_fu_561  |fixed_point_mul  |    7|    7|    1|    1| function |
        |grp_fixed_point_mul_fu_569  |fixed_point_mul  |    7|    7|    1|    1| function |
        |grp_fixed_point_mul_fu_576  |fixed_point_mul  |    7|    7|    1|    1| function |
        |grp_fixed_point_mul_fu_584  |fixed_point_mul  |    7|    7|    1|    1| function |
        +----------------------------+-----------------+-----+-----+-----+-----+----------+

        * Loop: 
        +----------+-----+-----+----------+-----------+-----------+------+----------+
        |          |  Latency  | Iteration|  Initiation Interval  | Trip |          |
        | Loop Name| min | max |  Latency |  achieved |   target  | Count| Pipelined|
        +----------+-----+-----+----------+-----------+-----------+------+----------+
        |- Loop 1  |    2|    2|         2|          1|          1|     2|    yes   |
        |- Loop 2  |   14|   14|         2|          1|          1|    14|    yes   |
        |- Loop 3  |    4|    4|         2|          1|          1|     4|    yes   |
        |- Loop 4  |  205|  205|        11|          1|          1|   196|    yes   |
        +----------+-----+-----+----------+-----------+-----------+------+----------+



================================================================
== Utilization Estimates
================================================================
* Summary: 
+-----------------+---------+-------+--------+-------+
|       Name      | BRAM_18K| DSP48E|   FF   |  LUT  |
+-----------------+---------+-------+--------+-------+
|DSP              |        -|      -|       -|      -|
|Expression       |        -|      -|       0|    722|
|FIFO             |        -|      -|       -|      -|
|Instance         |        0|     36|    1766|   3218|
|Memory           |        4|      -|       0|      0|
|Multiplexer      |        -|      -|       -|    427|
|Register         |        -|      -|     896|      2|
+-----------------+---------+-------+--------+-------+
|Total            |        4|     36|    2662|   4369|
+-----------------+---------+-------+--------+-------+
|Available        |      280|    220|  106400|  53200|
+-----------------+---------+-------+--------+-------+
|Utilization (%)  |        1|     16|       2|      8|
+-----------------+---------+-------+--------+-------+

+ Detail: 
    * Instance: 
    +-----------------------------------+---------------------------------+---------+-------+-----+-----+
    |              Instance             |              Module             | BRAM_18K| DSP48E|  FF | LUT |
    +-----------------------------------+---------------------------------+---------+-------+-----+-----+
    |cnn_conv_d14x14_k3x3_CTRL_s_axi_U  |cnn_conv_d14x14_k3x3_CTRL_s_axi  |        0|      0|  416|  680|
    |grp_fixed_point_mul_fu_525         |fixed_point_mul                  |        0|      4|  150|  282|
    |grp_fixed_point_mul_fu_532         |fixed_point_mul                  |        0|      4|  150|  282|
    |grp_fixed_point_mul_fu_539         |fixed_point_mul                  |        0|      4|  150|  282|
    |grp_fixed_point_mul_fu_546         |fixed_point_mul                  |        0|      4|  150|  282|
    |grp_fixed_point_mul_fu_553         |fixed_point_mul                  |        0|      4|  150|  282|
    |grp_fixed_point_mul_fu_561         |fixed_point_mul                  |        0|      4|  150|  282|
    |grp_fixed_point_mul_fu_569         |fixed_point_mul                  |        0|      4|  150|  282|
    |grp_fixed_point_mul_fu_576         |fixed_point_mul                  |        0|      4|  150|  282|
    |grp_fixed_point_mul_fu_584         |fixed_point_mul                  |        0|      4|  150|  282|
    +-----------------------------------+---------------------------------+---------+-------+-----+-----+
    |Total                              |                                 |        0|     36| 1766| 3218|
    +-----------------------------------+---------------------------------+---------+-------+-----+-----+

    * DSP48: 
    N/A

    * Memory: 
    +----------------+----------------------+---------+---+----+------+-----+------+-------------+
    |     Memory     |        Module        | BRAM_18K| FF| LUT| Words| Bits| Banks| W*Bits*Banks|
    +----------------+----------------------+---------+---+----+------+-----+------+-------------+
    |lineBuffer_0_U  |cnn_conv_d14x14_kcud  |        2|  0|   0|    14|   32|     1|          448|
    |lineBuffer_1_U  |cnn_conv_d14x14_kcud  |        2|  0|   0|    14|   32|     1|          448|
    +----------------+----------------------+---------+---+----+------+-----+------+-------------+
    |Total           |                      |        4|  0|   0|    28|   64|     2|          896|
    +----------------+----------------------+---------+---+----+------+-----+------+-------------+

    * FIFO: 
    N/A

    * Expression: 
    +-------------------------------------+----------+-------+---+----+------------+------------+
    |            Variable Name            | Operation| DSP48E| FF| LUT| Bitwidth P0| Bitwidth P1|
    +-------------------------------------+----------+-------+---+----+------------+------------+
    |indvar_flatten_next7_fu_822_p2       |     +    |      0|  0|   8|           8|           1|
    |indvar_flatten_next_fu_644_p2        |     +    |      0|  0|   3|           3|           1|
    |readCount_fu_941_p2                  |     +    |      0|  0|  32|          32|           1|
    |result_4_2_2_i_fu_1131_p2            |     +    |      0|  0|  27|          27|          27|
    |tmp1_fu_1027_p2                      |     +    |      0|  0|  24|          24|          24|
    |tmp4_fu_1045_p2                      |     +    |      0|  0|  24|          24|          24|
    |tmp5_fu_1055_p2                      |     +    |      0|  0|  25|          25|          25|
    |tmp6_fu_1069_p2                      |     +    |      0|  0|  24|          24|          24|
    |tmp7_fu_1083_p2                      |     +    |      0|  0|  24|          24|          24|
    |tmp8_fu_1097_p2                      |     +    |      0|  0|  25|          25|          25|
    |tmp9_fu_1121_p2                      |     +    |      0|  0|  26|          26|          26|
    |tmp_s_fu_706_p2                      |     +    |      0|  0|   4|           4|           4|
    |writeCount_fu_1106_p2                |     +    |      0|  0|  32|          32|           1|
    |x_1_fu_606_p2                        |     +    |      0|  0|   3|           3|           1|
    |x_2_fu_627_p2                        |     +    |      0|  0|   4|           4|           1|
    |x_3_fu_724_p2                        |     +    |      0|  0|   2|           1|           2|
    |x_4_fu_952_p2                        |     +    |      0|  0|   4|           4|           1|
    |y9_fu_664_p2                         |     +    |      0|  0|   2|           1|           2|
    |y_s_fu_842_p2                        |     +    |      0|  0|   4|           4|           1|
    |ap_condition_965                     |    and   |      0|  0|   1|           1|           1|
    |inStream_V_data_V_0_load_A           |    and   |      0|  0|   1|           1|           1|
    |inStream_V_data_V_0_load_B           |    and   |      0|  0|   1|           1|           1|
    |outStream_V_data_V_1_load_A          |    and   |      0|  0|   1|           1|           1|
    |outStream_V_data_V_1_load_B          |    and   |      0|  0|   1|           1|           1|
    |outStream_V_last_V_1_load_A          |    and   |      0|  0|   1|           1|           1|
    |outStream_V_last_V_1_load_B          |    and   |      0|  0|   1|           1|           1|
    |cond1_fu_718_p2                      |   icmp   |      0|  0|   1|           2|           1|
    |cond_fu_688_p2                       |   icmp   |      0|  0|   1|           2|           1|
    |cond_mid1_fu_682_p2                  |   icmp   |      0|  0|   1|           2|           1|
    |exitcond1_fu_600_p2                  |   icmp   |      0|  0|   2|           3|           3|
    |exitcond2_fu_828_p2                  |   icmp   |      0|  0|   2|           4|           3|
    |exitcond4_fu_621_p2                  |   icmp   |      0|  0|   2|           4|           3|
    |exitcond_flatten8_fu_816_p2          |   icmp   |      0|  0|   3|           8|           7|
    |exitcond_flatten_fu_638_p2           |   icmp   |      0|  0|   2|           3|           4|
    |exitcond_fu_650_p2                   |   icmp   |      0|  0|   1|           2|           2|
    |inStream_V_data_V_0_state_cmp_full   |   icmp   |      0|  0|   1|           2|           1|
    |outStream_V_data_V_1_state_cmp_full  |   icmp   |      0|  0|   1|           2|           1|
    |outStream_V_last_V_1_state_cmp_full  |   icmp   |      0|  0|   1|           2|           1|
    |tmp_1_i_fu_908_p2                    |   icmp   |      0|  0|   2|           4|           4|
    |tmp_2_i_fu_874_p2                    |   icmp   |      0|  0|   2|           4|           4|
    |tmp_2_i_mid1_fu_868_p2               |   icmp   |      0|  0|   2|           4|           4|
    |tmp_5_fu_935_p2                      |   icmp   |      0|  0|  11|          32|           8|
    |tmp_i_15_fu_902_p2                   |   icmp   |      0|  0|   2|           4|           1|
    |tmp_i_fu_854_p2                      |   icmp   |      0|  0|   2|           4|           1|
    |tmp_i_mid1_fu_848_p2                 |   icmp   |      0|  0|   2|           4|           1|
    |tmp_last_V_fu_1173_p2                |   icmp   |      0|  0|  11|          32|           8|
    |ap_condition_1739                    |    or    |      0|  0|   1|           1|           1|
    |p_i_fu_926_p2                        |    or    |      0|  0|   1|           1|           1|
    |tmp2_fu_914_p2                       |    or    |      0|  0|   1|           1|           1|
    |tmp3_fu_920_p2                       |    or    |      0|  0|   1|           1|           1|
    |cond_mid2_fu_694_p3                  |  select  |      0|  0|   1|           1|           1|
    |result_fu_1149_p3                    |  select  |      0|  0|  27|           1|           1|
    |tmp_2_i_mid2_fu_880_p3               |  select  |      0|  0|   1|           1|           1|
    |tmp_2_mid2_v_fu_670_p3               |  select  |      0|  0|   2|           1|           2|
    |tmp_data_V_2_fu_1165_p3              |  select  |      0|  0|  32|           1|          32|
    |tmp_i_mid2_fu_860_p3                 |  select  |      0|  0|   1|           1|           1|
    |window_1_1_2_fu_730_p3               |  select  |      0|  0|  32|           1|          32|
    |window_2_2_1_fu_737_p3               |  select  |      0|  0|  32|           1|          32|
    |window_2_2_2_fu_744_p3               |  select  |      0|  0|  32|           1|          32|
    |window_2_2_4_fu_751_p3               |  select  |      0|  0|  32|           1|          32|
    |window_2_2_5_fu_758_p3               |  select  |      0|  0|  32|           1|          32|
    |window_2_2_6_fu_765_p3               |  select  |      0|  0|  32|           1|          32|
    |window_2_2_7_fu_772_p3               |  select  |      0|  0|  32|           1|          32|
    |window_2_2_8_fu_779_p3               |  select  |      0|  0|  32|           1|          32|
    |window_2_2_9_fu_786_p3               |  select  |      0|  0|  32|           1|          32|
    |x4_mid2_fu_656_p3                    |  select  |      0|  0|   2|           1|           1|
    |x_assign_mid2_fu_834_p3              |  select  |      0|  0|   4|           1|           1|
    |y_assign_mid2_fu_888_p3              |  select  |      0|  0|   4|           1|           4|
    +-------------------------------------+----------+-------+---+----+------------+------------+
    |Total                                |          |      0|  0| 722|         448|         617|
    +-------------------------------------+----------+-------+---+----+------------+------------+

    * Multiplexer: 
    +-------------------------------+----+-----------+-----+-----------+
    |              Name             | LUT| Input Size| Bits| Total Bits|
    +-------------------------------+----+-----------+-----+-----------+
    |ap_NS_fsm                      |   4|         10|    1|         10|
    |ap_enable_reg_pp3_iter1        |   1|          2|    1|          2|
    |ap_enable_reg_pp3_iter10       |   1|          2|    1|          2|
    |ap_enable_reg_pp3_iter2        |   1|          2|    1|          2|
    |inStream_TDATA_blk_n           |   1|          2|    1|          2|
    |inStream_V_data_V_0_data_out   |  32|          2|   32|         64|
    |inStream_V_data_V_0_state      |   2|          3|    2|          6|
    |inStream_V_dest_V_0_state      |   2|          3|    2|          6|
    |indvar_flatten6_reg_458        |   8|          2|    8|         16|
    |indvar_flatten_reg_389         |   3|          2|    3|          6|
    |lineBuffer_0_address0          |   4|          4|    4|         16|
    |lineBuffer_1_address0          |   4|          4|    4|         16|
    |outStream_TDATA_blk_n          |   1|          2|    1|          2|
    |outStream_V_data_V_1_data_out  |  32|          2|   32|         64|
    |outStream_V_data_V_1_state     |   2|          3|    2|          6|
    |outStream_V_dest_V_1_state     |   2|          3|    2|          6|
    |outStream_V_id_V_1_state       |   2|          3|    2|          6|
    |outStream_V_keep_V_1_state     |   2|          3|    2|          6|
    |outStream_V_last_V_1_data_out  |   1|          2|    1|          2|
    |outStream_V_last_V_1_state     |   2|          3|    2|          6|
    |outStream_V_strb_V_1_state     |   2|          3|    2|          6|
    |outStream_V_user_V_1_state     |   2|          3|    2|          6|
    |readCount_1_fu_196             |  32|          2|   32|         64|
    |window_1_0_phi_fu_516_p4       |  32|          2|   32|         64|
    |window_1_0_reg_513             |  32|          2|   32|         64|
    |window_1_1_phi_fu_505_p4       |  32|          2|   32|         64|
    |window_1_1_reg_502             |  32|          2|   32|         64|
    |window_2_0_phi_fu_494_p4       |  32|          2|   32|         64|
    |window_2_0_reg_491             |  32|          2|   32|         64|
    |window_2_1_fu_188              |  32|          2|   32|         64|
    |writeCount_1_fu_192            |  32|          2|   32|         64|
    |x1_phi_fu_381_p4               |   4|          2|    4|          8|
    |x1_reg_377                     |   4|          2|    4|          8|
    |x4_reg_447                     |   2|          2|    2|          4|
    |x_assign_reg_480               |   4|          2|    4|          8|
    |x_phi_fu_369_p4                |   3|          2|    3|          6|
    |x_reg_365                      |   3|          2|    3|          6|
    |y3_phi_fu_404_p4               |   2|          2|    2|          4|
    |y3_reg_400                     |   2|          2|    2|          4|
    |y_assign_reg_469               |   4|          2|    4|          8|
    +-------------------------------+----+-----------+-----+-----------+
    |Total                          | 427|        101|  424|        890|
    +-------------------------------+----+-----------+-----+-----------+

    * Register: 
    +--------------------------------------------------------+----+----+-----+-----------+
    |                          Name                          | FF | LUT| Bits| Const Bits|
    +--------------------------------------------------------+----+----+-----+-----------+
    |ap_CS_fsm                                               |   9|   0|    9|          0|
    |ap_enable_reg_pp0_iter0                                 |   1|   0|    1|          0|
    |ap_enable_reg_pp0_iter1                                 |   1|   0|    1|          0|
    |ap_enable_reg_pp1_iter0                                 |   1|   0|    1|          0|
    |ap_enable_reg_pp1_iter1                                 |   1|   0|    1|          0|
    |ap_enable_reg_pp2_iter0                                 |   1|   0|    1|          0|
    |ap_enable_reg_pp2_iter1                                 |   1|   0|    1|          0|
    |ap_enable_reg_pp3_iter0                                 |   1|   0|    1|          0|
    |ap_enable_reg_pp3_iter1                                 |   1|   0|    1|          0|
    |ap_enable_reg_pp3_iter10                                |   1|   0|    1|          0|
    |ap_enable_reg_pp3_iter2                                 |   1|   0|    1|          0|
    |ap_enable_reg_pp3_iter3                                 |   1|   0|    1|          0|
    |ap_enable_reg_pp3_iter4                                 |   1|   0|    1|          0|
    |ap_enable_reg_pp3_iter5                                 |   1|   0|    1|          0|
    |ap_enable_reg_pp3_iter6                                 |   1|   0|    1|          0|
    |ap_enable_reg_pp3_iter7                                 |   1|   0|    1|          0|
    |ap_enable_reg_pp3_iter8                                 |   1|   0|    1|          0|
    |ap_enable_reg_pp3_iter9                                 |   1|   0|    1|          0|
    |ap_pipeline_reg_pp3_iter1_lineBuffer_1_addr_2_reg_1361  |   4|   0|    4|          0|
    |cond1_reg_1251                                          |   1|   0|    1|          0|
    |cond_mid2_reg_1233                                      |   1|   0|    1|          0|
    |ctrl_read_reg_1185                                      |  32|   0|   32|          0|
    |exitcond1_reg_1190                                      |   1|   0|    1|          0|
    |exitcond4_reg_1199                                      |   1|   0|    1|          0|
    |exitcond_flatten8_reg_1337                              |   1|   0|    1|          0|
    |exitcond_flatten_reg_1214                               |   1|   0|    1|          0|
    |inStream_V_data_V_0_payload_A                           |  32|   0|   32|          0|
    |inStream_V_data_V_0_payload_B                           |  32|   0|   32|          0|
    |inStream_V_data_V_0_sel_rd                              |   1|   0|    1|          0|
    |inStream_V_data_V_0_sel_wr                              |   1|   0|    1|          0|
    |inStream_V_data_V_0_state                               |   2|   0|    2|          0|
    |inStream_V_dest_V_0_state                               |   2|   0|    2|          0|
    |indvar_flatten6_reg_458                                 |   8|   0|    8|          0|
    |indvar_flatten_reg_389                                  |   3|   0|    3|          0|
    |lineBuffer_0_addr_2_reg_1355                            |   4|   0|    4|          0|
    |lineBuffer_1_addr_2_reg_1361                            |   4|   0|    4|          0|
    |outStream_V_data_V_1_payload_A                          |  32|   0|   32|          0|
    |outStream_V_data_V_1_payload_B                          |  32|   0|   32|          0|
    |outStream_V_data_V_1_sel_rd                             |   1|   0|    1|          0|
    |outStream_V_data_V_1_sel_wr                             |   1|   0|    1|          0|
    |outStream_V_data_V_1_state                              |   2|   0|    2|          0|
    |outStream_V_dest_V_1_sel_rd                             |   1|   0|    1|          0|
    |outStream_V_dest_V_1_state                              |   2|   0|    2|          0|
    |outStream_V_id_V_1_sel_rd                               |   1|   0|    1|          0|
    |outStream_V_id_V_1_state                                |   2|   0|    2|          0|
    |outStream_V_keep_V_1_sel_rd                             |   1|   0|    1|          0|
    |outStream_V_keep_V_1_state                              |   2|   0|    2|          0|
    |outStream_V_last_V_1_payload_A                          |   1|   0|    1|          0|
    |outStream_V_last_V_1_payload_B                          |   1|   0|    1|          0|
    |outStream_V_last_V_1_sel_rd                             |   1|   0|    1|          0|
    |outStream_V_last_V_1_sel_wr                             |   1|   0|    1|          0|
    |outStream_V_last_V_1_state                              |   2|   0|    2|          0|
    |outStream_V_strb_V_1_sel_rd                             |   1|   0|    1|          0|
    |outStream_V_strb_V_1_state                              |   2|   0|    2|          0|
    |outStream_V_user_V_1_sel_rd                             |   1|   0|    1|          0|
    |outStream_V_user_V_1_state                              |   2|   0|    2|          0|
    |p_i_reg_1351                                            |   1|   0|    1|          0|
    |readCount_1_fu_196                                      |  32|   0|   32|          0|
    |tmp5_reg_1387                                           |  25|   0|   25|          0|
    |tmp6_reg_1392                                           |  24|   0|   24|          0|
    |tmp8_reg_1397                                           |  25|   0|   25|          0|
    |tmp_2_mid2_v_reg_1223                                   |   2|   0|    2|          0|
    |tmp_5_reg_1367                                          |   1|   0|    1|          0|
    |tmp_8_reg_1332                                          |   1|   0|    1|          0|
    |tmp_9_reg_1228                                          |   1|   0|    1|          0|
    |windowRightCol_1_reg_1382                               |  32|   0|   32|          0|
    |window_0_0_fu_172                                       |  32|   0|   32|          0|
    |window_0_0_read_as_fu_168                               |  32|   0|   32|          0|
    |window_0_1_fu_176                                       |  32|   0|   32|          0|
    |window_1_0_read_as_fu_180                               |  32|   0|   32|          0|
    |window_1_0_reg_513                                      |  32|   0|   32|          0|
    |window_1_1_1_reg_435                                    |  32|   0|   32|          0|
    |window_1_1_reg_502                                      |  32|   0|   32|          0|
    |window_1_2_1_reg_423                                    |  32|   0|   32|          0|
    |window_2_0_read_as_fu_184                               |  32|   0|   32|          0|
    |window_2_0_reg_491                                      |  32|   0|   32|          0|
    |window_2_1_1_reg_411                                    |  32|   0|   32|          0|
    |window_2_1_2_reg_1376                                   |  32|   0|   32|          0|
    |window_2_1_fu_188                                       |  32|   0|   32|          0|
    |window_2_2_fu_164                                       |  32|   0|   32|          0|
    |writeCount_1_fu_192                                     |  32|   0|   32|          0|
    |x1_reg_377                                              |   4|   0|    4|          0|
    |x4_reg_447                                              |   2|   0|    2|          0|
    |x_1_reg_1194                                            |   3|   0|    3|          0|
    |x_2_reg_1203                                            |   4|   0|    4|          0|
    |x_assign_reg_480                                        |   4|   0|    4|          0|
    |x_reg_365                                               |   3|   0|    3|          0|
    |y3_reg_400                                              |   2|   0|    2|          0|
    |y_assign_reg_469                                        |   4|   0|    4|          0|
    |exitcond_flatten8_reg_1337                              |   0|   1|    1|          0|
    |p_i_reg_1351                                            |   0|   1|    1|          0|
    +--------------------------------------------------------+----+----+-----+-----------+
    |Total                                                   | 896|   2|  898|          0|
    +--------------------------------------------------------+----+----+-----+-----------+



================================================================
== Interface
================================================================
* Summary: 
+--------------------+-----+-----+------------+----------------------+--------------+
|      RTL Ports     | Dir | Bits|  Protocol  |     Source Object    |    C Type    |
+--------------------+-----+-----+------------+----------------------+--------------+
|s_axi_CTRL_AWVALID  |  in |    1|    s_axi   |         CTRL         |    pointer   |
|s_axi_CTRL_AWREADY  | out |    1|    s_axi   |         CTRL         |    pointer   |
|s_axi_CTRL_AWADDR   |  in |    7|    s_axi   |         CTRL         |    pointer   |
|s_axi_CTRL_WVALID   |  in |    1|    s_axi   |         CTRL         |    pointer   |
|s_axi_CTRL_WREADY   | out |    1|    s_axi   |         CTRL         |    pointer   |
|s_axi_CTRL_WDATA    |  in |   32|    s_axi   |         CTRL         |    pointer   |
|s_axi_CTRL_WSTRB    |  in |    4|    s_axi   |         CTRL         |    pointer   |
|s_axi_CTRL_ARVALID  |  in |    1|    s_axi   |         CTRL         |    pointer   |
|s_axi_CTRL_ARREADY  | out |    1|    s_axi   |         CTRL         |    pointer   |
|s_axi_CTRL_ARADDR   |  in |    7|    s_axi   |         CTRL         |    pointer   |
|s_axi_CTRL_RVALID   | out |    1|    s_axi   |         CTRL         |    pointer   |
|s_axi_CTRL_RREADY   |  in |    1|    s_axi   |         CTRL         |    pointer   |
|s_axi_CTRL_RDATA    | out |   32|    s_axi   |         CTRL         |    pointer   |
|s_axi_CTRL_RRESP    | out |    2|    s_axi   |         CTRL         |    pointer   |
|s_axi_CTRL_BVALID   | out |    1|    s_axi   |         CTRL         |    pointer   |
|s_axi_CTRL_BREADY   |  in |    1|    s_axi   |         CTRL         |    pointer   |
|s_axi_CTRL_BRESP    | out |    2|    s_axi   |         CTRL         |    pointer   |
|ap_clk              |  in |    1| ap_ctrl_hs | cnn_conv_d14x14_k3x3 | return value |
|ap_rst_n            |  in |    1| ap_ctrl_hs | cnn_conv_d14x14_k3x3 | return value |
|interrupt           | out |    1| ap_ctrl_hs | cnn_conv_d14x14_k3x3 | return value |
|inStream_TDATA      |  in |   32|    axis    |   inStream_V_data_V  |    pointer   |
|inStream_TVALID     |  in |    1|    axis    |   inStream_V_dest_V  |    pointer   |
|inStream_TREADY     | out |    1|    axis    |   inStream_V_dest_V  |    pointer   |
|inStream_TDEST      |  in |    6|    axis    |   inStream_V_dest_V  |    pointer   |
|inStream_TKEEP      |  in |    4|    axis    |   inStream_V_keep_V  |    pointer   |
|inStream_TSTRB      |  in |    4|    axis    |   inStream_V_strb_V  |    pointer   |
|inStream_TUSER      |  in |    2|    axis    |   inStream_V_user_V  |    pointer   |
|inStream_TLAST      |  in |    1|    axis    |   inStream_V_last_V  |    pointer   |
|inStream_TID        |  in |    5|    axis    |    inStream_V_id_V   |    pointer   |
|outStream_TDATA     | out |   32|    axis    |  outStream_V_data_V  |    pointer   |
|outStream_TVALID    | out |    1|    axis    |  outStream_V_dest_V  |    pointer   |
|outStream_TREADY    |  in |    1|    axis    |  outStream_V_dest_V  |    pointer   |
|outStream_TDEST     | out |    6|    axis    |  outStream_V_dest_V  |    pointer   |
|outStream_TKEEP     | out |    4|    axis    |  outStream_V_keep_V  |    pointer   |
|outStream_TSTRB     | out |    4|    axis    |  outStream_V_strb_V  |    pointer   |
|outStream_TUSER     | out |    2|    axis    |  outStream_V_user_V  |    pointer   |
|outStream_TLAST     | out |    1|    axis    |  outStream_V_last_V  |    pointer   |
|outStream_TID       | out |    5|    axis    |   outStream_V_id_V   |    pointer   |
+--------------------+-----+-----+------------+----------------------+--------------+

