

================================================================
== Vivado HLS Report for 'cnn_conv_d10x10_k3x3'
================================================================
* Date:           Fri Apr 09 17:53:48 2021

* Version:        2016.4 (Build 1756540 on Mon Jan 23 19:31:01 MST 2017)
* Project:        cnn_conv_d10x10_k3x3
* Solution:       solution1
* Product family: zynq
* Target device:  xc7z020clg484-1


================================================================
== Performance Estimates
================================================================
+ Timing (ns): 
    * Summary: 
    +--------+-------+----------+------------+
    |  Clock | Target| Estimated| Uncertainty|
    +--------+-------+----------+------------+
    |ap_clk  |  10.00|      7.97|        1.25|
    +--------+-------+----------+------------+

+ Latency (clock cycles): 
    * Summary: 
    +-----+-----+-----+-----+---------+
    |  Latency  |  Interval | Pipeline|
    | min | max | min | max |   Type  |
    +-----+-----+-----+-----+---------+
    |  133|  133|  134|  134|   none  |
    +-----+-----+-----+-----+---------+

    + Detail: 
        * Instance: 
        N/A

        * Loop: 
        +----------+-----+-----+----------+-----------+-----------+------+----------+
        |          |  Latency  | Iteration|  Initiation Interval  | Trip |          |
        | Loop Name| min | max |  Latency |  achieved |   target  | Count| Pipelined|
        +----------+-----+-----+----------+-----------+-----------+------+----------+
        |- Loop 1  |    2|    2|         2|          1|          1|     2|    yes   |
        |- Loop 2  |   10|   10|         2|          1|          1|    10|    yes   |
        |- Loop 3  |    4|    4|         2|          1|          1|     4|    yes   |
        |- Loop 4  |  109|  109|        11|          1|          1|   100|    yes   |
        +----------+-----+-----+----------+-----------+-----------+------+----------+

============================================================
+ Verbose Summary: Synthesis Manager
============================================================
InlineROM: 1
ExposeGlobal: 0
============================================================
+ Verbose Summary: CDFG Model
============================================================
IsTopModel: 1
ResetActiveHigh: 1
IsCombinational: 0
IsDatapathOnly: 0
HasWiredReturn: 1
HasMFsm: 0
HasVarLatency: 1
IsPipeline: 0
IsRtlPipelined: 0
IsInstanceOverlapped: 0
IsDontTouch: 0
HasImplIP: 0
IsGatedGlobalClock: 0

+ Individual pipeline summary: 
  * Pipeline-0: initiation interval (II) = 1, depth = 2
  * Pipeline-1: initiation interval (II) = 1, depth = 2
  * Pipeline-2: initiation interval (II) = 1, depth = 2
  * Pipeline-3: initiation interval (II) = 1, depth = 11


============================================================
+ Verbose Summary: Schedule
============================================================
* Number of FSM states: 22
* Pipeline: 4
  Pipeline-0: II = 1, D = 2, States = { 2 3 }
  Pipeline-1: II = 1, D = 2, States = { 5 6 }
  Pipeline-2: II = 1, D = 2, States = { 8 9 }
  Pipeline-3: II = 1, D = 11, States = { 11 12 13 14 15 16 17 18 19 20 21 }
* Dataflow Pipeline: 0

* FSM state transitions: 
1 --> 
	2  / true
2 --> 
	4  / (exitcond1)
	3  / (!exitcond1)
3 --> 
	2  / true
4 --> 
	5  / true
5 --> 
	7  / (exitcond4)
	6  / (!exitcond4)
6 --> 
	5  / true
7 --> 
	8  / true
8 --> 
	10  / (exitcond_flatten)
	9  / (!exitcond_flatten)
9 --> 
	8  / true
10 --> 
	11  / true
11 --> 
	12  / true
12 --> 
	22  / (exitcond_flatten8)
	13  / (!exitcond_flatten8)
13 --> 
	14  / true
14 --> 
	15  / true
15 --> 
	16  / true
16 --> 
	17  / true
17 --> 
	18  / true
18 --> 
	19  / true
19 --> 
	20  / true
20 --> 
	21  / true
21 --> 
	11  / true
22 --> 
* FSM state operations: 

 <State 1>: 1.57ns
ST_1: StgValue_23 (25)  [1/1] 0.00ns
:0  call void (...)* @_ssdm_op_SpecBitsMap(i32* %kernel_8), !map !65

ST_1: StgValue_24 (26)  [1/1] 0.00ns
:1  call void (...)* @_ssdm_op_SpecBitsMap(i32* %kernel_7), !map !71

ST_1: StgValue_25 (27)  [1/1] 0.00ns
:2  call void (...)* @_ssdm_op_SpecBitsMap(i32* %kernel_6), !map !77

ST_1: StgValue_26 (28)  [1/1] 0.00ns
:3  call void (...)* @_ssdm_op_SpecBitsMap(i32* %kernel_5), !map !83

ST_1: StgValue_27 (29)  [1/1] 0.00ns
:4  call void (...)* @_ssdm_op_SpecBitsMap(i32* %kernel_4), !map !89

ST_1: StgValue_28 (30)  [1/1] 0.00ns
:5  call void (...)* @_ssdm_op_SpecBitsMap(i32* %kernel_3), !map !95

ST_1: StgValue_29 (31)  [1/1] 0.00ns
:6  call void (...)* @_ssdm_op_SpecBitsMap(i32* %kernel_2), !map !101

ST_1: StgValue_30 (32)  [1/1] 0.00ns
:7  call void (...)* @_ssdm_op_SpecBitsMap(i32* %kernel_1), !map !107

ST_1: StgValue_31 (33)  [1/1] 0.00ns
:8  call void (...)* @_ssdm_op_SpecBitsMap(i32* %kernel_0), !map !113

ST_1: StgValue_32 (34)  [1/1] 0.00ns
:9  call void (...)* @_ssdm_op_SpecBitsMap(i32* %inStream_V_data_V), !map !119

ST_1: StgValue_33 (35)  [1/1] 0.00ns
:10  call void (...)* @_ssdm_op_SpecBitsMap(i4* %inStream_V_keep_V), !map !123

ST_1: StgValue_34 (36)  [1/1] 0.00ns
:11  call void (...)* @_ssdm_op_SpecBitsMap(i4* %inStream_V_strb_V), !map !127

ST_1: StgValue_35 (37)  [1/1] 0.00ns
:12  call void (...)* @_ssdm_op_SpecBitsMap(i2* %inStream_V_user_V), !map !131

ST_1: StgValue_36 (38)  [1/1] 0.00ns
:13  call void (...)* @_ssdm_op_SpecBitsMap(i1* %inStream_V_last_V), !map !135

ST_1: StgValue_37 (39)  [1/1] 0.00ns
:14  call void (...)* @_ssdm_op_SpecBitsMap(i5* %inStream_V_id_V), !map !139

ST_1: StgValue_38 (40)  [1/1] 0.00ns
:15  call void (...)* @_ssdm_op_SpecBitsMap(i6* %inStream_V_dest_V), !map !143

ST_1: StgValue_39 (41)  [1/1] 0.00ns
:16  call void (...)* @_ssdm_op_SpecBitsMap(i32* %outStream_V_data_V), !map !147

ST_1: StgValue_40 (42)  [1/1] 0.00ns
:17  call void (...)* @_ssdm_op_SpecBitsMap(i4* %outStream_V_keep_V), !map !151

ST_1: StgValue_41 (43)  [1/1] 0.00ns
:18  call void (...)* @_ssdm_op_SpecBitsMap(i4* %outStream_V_strb_V), !map !155

ST_1: StgValue_42 (44)  [1/1] 0.00ns
:19  call void (...)* @_ssdm_op_SpecBitsMap(i2* %outStream_V_user_V), !map !159

ST_1: StgValue_43 (45)  [1/1] 0.00ns
:20  call void (...)* @_ssdm_op_SpecBitsMap(i1* %outStream_V_last_V), !map !163

ST_1: StgValue_44 (46)  [1/1] 0.00ns
:21  call void (...)* @_ssdm_op_SpecBitsMap(i5* %outStream_V_id_V), !map !167

ST_1: StgValue_45 (47)  [1/1] 0.00ns
:22  call void (...)* @_ssdm_op_SpecBitsMap(i6* %outStream_V_dest_V), !map !171

ST_1: StgValue_46 (48)  [1/1] 0.00ns
:23  call void (...)* @_ssdm_op_SpecBitsMap(i32 %ctrl), !map !175

ST_1: StgValue_47 (49)  [1/1] 0.00ns
:24  call void (...)* @_ssdm_op_SpecTopModule([21 x i8]* @cnn_conv_d10x10_k3x3_1) nounwind

ST_1: ctrl_read (50)  [1/1] 1.00ns
:25  %ctrl_read = call i32 @_ssdm_op_Read.s_axilite.i32(i32 %ctrl)

ST_1: lineBuffer_0 (51)  [1/1] 0.00ns  loc: cnn_conv_d10x10_k3x3/core.cpp:89
:26  %lineBuffer_0 = alloca [10 x i32], align 4

ST_1: lineBuffer_1 (52)  [1/1] 0.00ns  loc: cnn_conv_d10x10_k3x3/core.cpp:89
:27  %lineBuffer_1 = alloca [10 x i32], align 4

ST_1: StgValue_51 (53)  [1/1] 0.00ns  loc: cnn_conv_d10x10_k3x3/core.cpp:81
:28  call void (...)* @_ssdm_op_SpecInterface(i32* %outStream_V_data_V, i4* %outStream_V_keep_V, i4* %outStream_V_strb_V, i2* %outStream_V_user_V, i1* %outStream_V_last_V, i5* %outStream_V_id_V, i6* %outStream_V_dest_V, [5 x i8]* @p_str, i32 1, i32 1, [5 x i8]* @p_str1, i32 0, i32 0, [1 x i8]* @p_str2, [1 x i8]* @p_str2, [1 x i8]* @p_str2, i32 0, i32 0, i32 0, i32 0, [1 x i8]* @p_str2, [1 x i8]* @p_str2) nounwind

ST_1: StgValue_52 (54)  [1/1] 0.00ns  loc: cnn_conv_d10x10_k3x3/core.cpp:82
:29  call void (...)* @_ssdm_op_SpecInterface(i32* %inStream_V_data_V, i4* %inStream_V_keep_V, i4* %inStream_V_strb_V, i2* %inStream_V_user_V, i1* %inStream_V_last_V, i5* %inStream_V_id_V, i6* %inStream_V_dest_V, [5 x i8]* @p_str, i32 1, i32 1, [5 x i8]* @p_str1, i32 0, i32 0, [1 x i8]* @p_str2, [1 x i8]* @p_str2, [1 x i8]* @p_str2, i32 0, i32 0, i32 0, i32 0, [1 x i8]* @p_str2, [1 x i8]* @p_str2) nounwind

ST_1: StgValue_53 (55)  [1/1] 0.00ns  loc: cnn_conv_d10x10_k3x3/core.cpp:83
:30  call void (...)* @_ssdm_op_SpecInterface(i32 %ctrl, [10 x i8]* @p_str3, i32 0, i32 0, [1 x i8]* @p_str2, i32 0, i32 0, [5 x i8]* @p_str4, [1 x i8]* @p_str2, [1 x i8]* @p_str2, i32 0, i32 0, i32 0, i32 0, [1 x i8]* @p_str2, [1 x i8]* @p_str2) nounwind

ST_1: StgValue_54 (56)  [1/1] 0.00ns
:31  call void (...)* @_ssdm_op_SpecInterface(i32* %kernel_0, i32* %kernel_1, i32* %kernel_2, i32* %kernel_3, i32* %kernel_4, i32* %kernel_5, i32* %kernel_6, i32* %kernel_7, i32* %kernel_8, [10 x i8]* @p_str3, i32 0, i32 0, [1 x i8]* @p_str2, i32 0, i32 0, [5 x i8]* @p_str4, [1 x i8]* @p_str2, [1 x i8]* @p_str2, i32 0, i32 0, i32 0, i32 0, [1 x i8]* @p_str2, [1 x i8]* @p_str2) nounwind

ST_1: StgValue_55 (57)  [1/1] 0.00ns  loc: cnn_conv_d10x10_k3x3/core.cpp:85
:32  call void (...)* @_ssdm_op_SpecInterface(i32 0, [10 x i8]* @p_str3, i32 0, i32 0, [1 x i8]* @p_str2, i32 0, i32 0, [5 x i8]* @p_str4, [1 x i8]* @p_str2, [1 x i8]* @p_str2, i32 0, i32 0, i32 0, i32 0, [1 x i8]* @p_str2, [1 x i8]* @p_str2) nounwind

ST_1: StgValue_56 (58)  [1/1] 1.57ns  loc: cnn_conv_d10x10_k3x3/core.cpp:97
:33  br label %1


 <State 2>: 3.25ns
ST_2: x (60)  [1/1] 0.00ns
:0  %x = phi i4 [ -8, %0 ], [ %x_1, %2 ]

ST_2: exitcond1 (61)  [1/1] 1.88ns  loc: cnn_conv_d10x10_k3x3/core.cpp:97
:1  %exitcond1 = icmp eq i4 %x, -6

ST_2: StgValue_59 (62)  [1/1] 0.00ns  loc: cnn_conv_d10x10_k3x3/core.cpp:97
:2  br i1 %exitcond1, label %.preheader86.0.preheader, label %2

ST_2: empty_5 (68)  [2/2] 0.00ns  loc: cnn_conv_d10x10_k3x3/core.cpp:99
:4  %empty_5 = call { i32, i4, i4, i2, i1, i5, i6 } @_ssdm_op_Read.axis.volatile.i32P.i4P.i4P.i2P.i1P.i5P.i6P(i32* %inStream_V_data_V, i4* %inStream_V_keep_V, i4* %inStream_V_strb_V, i2* %inStream_V_user_V, i1* %inStream_V_last_V, i5* %inStream_V_id_V, i6* %inStream_V_dest_V)

ST_2: x_1 (73)  [1/1] 0.80ns  loc: cnn_conv_d10x10_k3x3/core.cpp:97
:9  %x_1 = add i4 %x, 1


 <State 3>: 2.39ns
ST_3: x_cast (64)  [1/1] 0.00ns  loc: cnn_conv_d10x10_k3x3/core.cpp:97
:0  %x_cast = zext i4 %x to i32

ST_3: empty (65)  [1/1] 0.00ns
:1  %empty = call i32 (...)* @_ssdm_op_SpecLoopTripCount(i64 2, i64 2, i64 2)

ST_3: tmp (66)  [1/1] 0.00ns  loc: cnn_conv_d10x10_k3x3/core.cpp:97
:2  %tmp = call i32 (...)* @_ssdm_op_SpecRegionBegin([12 x i8]* @p_str6)

ST_3: StgValue_65 (67)  [1/1] 0.00ns  loc: cnn_conv_d10x10_k3x3/core.cpp:98
:3  call void (...)* @_ssdm_op_SpecPipeline(i32 -1, i32 1, i32 1, i32 0, [1 x i8]* @p_str2) nounwind

ST_3: empty_5 (68)  [1/2] 0.00ns  loc: cnn_conv_d10x10_k3x3/core.cpp:99
:4  %empty_5 = call { i32, i4, i4, i2, i1, i5, i6 } @_ssdm_op_Read.axis.volatile.i32P.i4P.i4P.i2P.i1P.i5P.i6P(i32* %inStream_V_data_V, i4* %inStream_V_keep_V, i4* %inStream_V_strb_V, i2* %inStream_V_user_V, i1* %inStream_V_last_V, i5* %inStream_V_id_V, i6* %inStream_V_dest_V)

ST_3: tmp_data_V (69)  [1/1] 0.00ns  loc: cnn_conv_d10x10_k3x3/core.cpp:99
:5  %tmp_data_V = extractvalue { i32, i4, i4, i2, i1, i5, i6 } %empty_5, 0

ST_3: lineBuffer_0_addr (70)  [1/1] 0.00ns  loc: cnn_conv_d10x10_k3x3/core.cpp:97
:6  %lineBuffer_0_addr = getelementptr [10 x i32]* %lineBuffer_0, i32 0, i32 %x_cast

ST_3: StgValue_69 (71)  [1/1] 2.39ns  loc: cnn_conv_d10x10_k3x3/core.cpp:100
:7  store i32 %tmp_data_V, i32* %lineBuffer_0_addr, align 4

ST_3: empty_6 (72)  [1/1] 0.00ns  loc: cnn_conv_d10x10_k3x3/core.cpp:101
:8  %empty_6 = call i32 (...)* @_ssdm_op_SpecRegionEnd([12 x i8]* @p_str6, i32 %tmp)

ST_3: StgValue_71 (74)  [1/1] 0.00ns  loc: cnn_conv_d10x10_k3x3/core.cpp:97
:10  br label %1


 <State 4>: 1.57ns
ST_4: StgValue_72 (76)  [1/1] 1.57ns  loc: cnn_conv_d10x10_k3x3/core.cpp:105
.preheader86.0.preheader:0  br label %.preheader86.0


 <State 5>: 3.25ns
ST_5: x1 (78)  [1/1] 0.00ns  loc: cnn_conv_d10x10_k3x3/core.cpp:105
.preheader86.0:0  %x1 = phi i4 [ %x_2, %3 ], [ 0, %.preheader86.0.preheader ]

ST_5: exitcond4 (79)  [1/1] 1.88ns  loc: cnn_conv_d10x10_k3x3/core.cpp:105
.preheader86.0:1  %exitcond4 = icmp eq i4 %x1, -6

ST_5: x_2 (80)  [1/1] 0.80ns  loc: cnn_conv_d10x10_k3x3/core.cpp:105
.preheader86.0:2  %x_2 = add i4 %x1, 1

ST_5: StgValue_76 (81)  [1/1] 0.00ns  loc: cnn_conv_d10x10_k3x3/core.cpp:105
.preheader86.0:3  br i1 %exitcond4, label %.preheader84.preheader, label %3

ST_5: empty_8 (87)  [2/2] 0.00ns  loc: cnn_conv_d10x10_k3x3/core.cpp:107
:4  %empty_8 = call { i32, i4, i4, i2, i1, i5, i6 } @_ssdm_op_Read.axis.volatile.i32P.i4P.i4P.i2P.i1P.i5P.i6P(i32* %inStream_V_data_V, i4* %inStream_V_keep_V, i4* %inStream_V_strb_V, i2* %inStream_V_user_V, i1* %inStream_V_last_V, i5* %inStream_V_id_V, i6* %inStream_V_dest_V)


 <State 6>: 2.39ns
ST_6: x1_cast (83)  [1/1] 0.00ns  loc: cnn_conv_d10x10_k3x3/core.cpp:105
:0  %x1_cast = zext i4 %x1 to i32

ST_6: empty_7 (84)  [1/1] 0.00ns
:1  %empty_7 = call i32 (...)* @_ssdm_op_SpecLoopTripCount(i64 10, i64 10, i64 10)

ST_6: tmp_1 (85)  [1/1] 0.00ns  loc: cnn_conv_d10x10_k3x3/core.cpp:105
:2  %tmp_1 = call i32 (...)* @_ssdm_op_SpecRegionBegin([12 x i8]* @p_str7)

ST_6: StgValue_81 (86)  [1/1] 0.00ns  loc: cnn_conv_d10x10_k3x3/core.cpp:106
:3  call void (...)* @_ssdm_op_SpecPipeline(i32 -1, i32 1, i32 1, i32 0, [1 x i8]* @p_str2) nounwind

ST_6: empty_8 (87)  [1/2] 0.00ns  loc: cnn_conv_d10x10_k3x3/core.cpp:107
:4  %empty_8 = call { i32, i4, i4, i2, i1, i5, i6 } @_ssdm_op_Read.axis.volatile.i32P.i4P.i4P.i2P.i1P.i5P.i6P(i32* %inStream_V_data_V, i4* %inStream_V_keep_V, i4* %inStream_V_strb_V, i2* %inStream_V_user_V, i1* %inStream_V_last_V, i5* %inStream_V_id_V, i6* %inStream_V_dest_V)

ST_6: tmp_data_V_1 (88)  [1/1] 0.00ns  loc: cnn_conv_d10x10_k3x3/core.cpp:107
:5  %tmp_data_V_1 = extractvalue { i32, i4, i4, i2, i1, i5, i6 } %empty_8, 0

ST_6: lineBuffer_1_addr (89)  [1/1] 0.00ns  loc: cnn_conv_d10x10_k3x3/core.cpp:105
:6  %lineBuffer_1_addr = getelementptr [10 x i32]* %lineBuffer_1, i32 0, i32 %x1_cast

ST_6: StgValue_85 (90)  [1/1] 2.39ns  loc: cnn_conv_d10x10_k3x3/core.cpp:108
:7  store i32 %tmp_data_V_1, i32* %lineBuffer_1_addr, align 4

ST_6: empty_9 (91)  [1/1] 0.00ns  loc: cnn_conv_d10x10_k3x3/core.cpp:109
:8  %empty_9 = call i32 (...)* @_ssdm_op_SpecRegionEnd([12 x i8]* @p_str7, i32 %tmp_1)

ST_6: StgValue_87 (92)  [1/1] 0.00ns  loc: cnn_conv_d10x10_k3x3/core.cpp:105
:9  br label %.preheader86.0


 <State 7>: 1.57ns
ST_7: window_2_2 (94)  [1/1] 0.00ns
.preheader84.preheader:0  %window_2_2 = alloca i32

ST_7: StgValue_89 (95)  [1/1] 1.57ns
.preheader84.preheader:1  br label %.preheader84


 <State 8>: 5.92ns
ST_8: indvar_flatten (97)  [1/1] 0.00ns
.preheader84:0  %indvar_flatten = phi i3 [ %indvar_flatten_next, %.preheader85 ], [ 0, %.preheader84.preheader ]

ST_8: y3 (98)  [1/1] 0.00ns  loc: cnn_conv_d10x10_k3x3/core.cpp:119
.preheader84:1  %y3 = phi i2 [ %tmp_2_mid2_v, %.preheader85 ], [ 1, %.preheader84.preheader ]

ST_8: window_2_1_1 (99)  [1/1] 0.00ns
.preheader84:2  %window_2_1_1 = phi i32 [ %window_2_2_7, %.preheader85 ], [ undef, %.preheader84.preheader ]

ST_8: window_1_2_1 (100)  [1/1] 0.00ns
.preheader84:3  %window_1_2_1 = phi i32 [ %window_2_2_8, %.preheader85 ], [ undef, %.preheader84.preheader ]

ST_8: window_1_1_1 (101)  [1/1] 0.00ns
.preheader84:4  %window_1_1_1 = phi i32 [ %window_2_2_9, %.preheader85 ], [ undef, %.preheader84.preheader ]

ST_8: x4 (102)  [1/1] 0.00ns
.preheader84:5  %x4 = phi i2 [ %x_3, %.preheader85 ], [ 1, %.preheader84.preheader ]

ST_8: exitcond_flatten (103)  [1/1] 1.62ns
.preheader84:6  %exitcond_flatten = icmp eq i3 %indvar_flatten, -4

ST_8: indvar_flatten_next (104)  [1/1] 0.80ns
.preheader84:7  %indvar_flatten_next = add i3 %indvar_flatten, 1

ST_8: StgValue_98 (105)  [1/1] 0.00ns
.preheader84:8  br i1 %exitcond_flatten, label %.preheader83.preheader, label %.preheader85

ST_8: exitcond (109)  [1/1] 1.36ns  loc: cnn_conv_d10x10_k3x3/core.cpp:117
.preheader85:2  %exitcond = icmp eq i2 %x4, -1

ST_8: x4_mid2 (110)  [1/1] 1.37ns  loc: cnn_conv_d10x10_k3x3/core.cpp:117
.preheader85:3  %x4_mid2 = select i1 %exitcond, i2 1, i2 %x4

ST_8: y9 (111)  [1/1] 0.80ns  loc: cnn_conv_d10x10_k3x3/core.cpp:116
.preheader85:4  %y9 = add i2 1, %y3

ST_8: tmp_2_mid2_v (112)  [1/1] 1.37ns  loc: cnn_conv_d10x10_k3x3/core.cpp:119
.preheader85:5  %tmp_2_mid2_v = select i1 %exitcond, i2 %y9, i2 %y3

ST_8: tmp_9 (113)  [1/1] 0.00ns  loc: cnn_conv_d10x10_k3x3/core.cpp:119
.preheader85:6  %tmp_9 = trunc i2 %tmp_2_mid2_v to i1

ST_8: cond_mid1 (114)  [1/1] 1.36ns  loc: cnn_conv_d10x10_k3x3/core.cpp:119
.preheader85:7  %cond_mid1 = icmp eq i2 %y3, 0

ST_8: cond (115)  [1/1] 1.36ns  loc: cnn_conv_d10x10_k3x3/core.cpp:119
.preheader85:8  %cond = icmp eq i2 %y3, 1

ST_8: cond_mid2 (116)  [1/1] 1.37ns  loc: cnn_conv_d10x10_k3x3/core.cpp:119
.preheader85:9  %cond_mid2 = select i1 %exitcond, i1 %cond_mid1, i1 %cond

ST_8: x4_cast (117)  [1/1] 0.00ns  loc: cnn_conv_d10x10_k3x3/core.cpp:117
.preheader85:10  %x4_cast = zext i2 %x4_mid2 to i4

ST_8: tmp_s (120)  [1/1] 0.80ns  loc: cnn_conv_d10x10_k3x3/core.cpp:119
.preheader85:13  %tmp_s = add i4 7, %x4_cast

ST_8: tmp_cast (121)  [1/1] 0.00ns  loc: cnn_conv_d10x10_k3x3/core.cpp:119
.preheader85:14  %tmp_cast = zext i4 %tmp_s to i32

ST_8: lineBuffer_0_addr_1 (122)  [1/1] 0.00ns  loc: cnn_conv_d10x10_k3x3/core.cpp:119
.preheader85:15  %lineBuffer_0_addr_1 = getelementptr [10 x i32]* %lineBuffer_0, i32 0, i32 %tmp_cast

ST_8: lineBuffer_1_addr_1 (123)  [1/1] 0.00ns  loc: cnn_conv_d10x10_k3x3/core.cpp:119
.preheader85:16  %lineBuffer_1_addr_1 = getelementptr [10 x i32]* %lineBuffer_1, i32 0, i32 %tmp_cast

ST_8: lineBuffer_0_load (124)  [2/2] 2.39ns  loc: cnn_conv_d10x10_k3x3/core.cpp:119
.preheader85:17  %lineBuffer_0_load = load i32* %lineBuffer_0_addr_1, align 4

ST_8: lineBuffer_1_load (125)  [2/2] 2.39ns  loc: cnn_conv_d10x10_k3x3/core.cpp:119
.preheader85:18  %lineBuffer_1_load = load i32* %lineBuffer_1_addr_1, align 4

ST_8: cond1 (127)  [1/1] 1.36ns  loc: cnn_conv_d10x10_k3x3/core.cpp:119
.preheader85:20  %cond1 = icmp eq i2 %x4_mid2, 1

ST_8: x_3 (137)  [1/1] 0.80ns  loc: cnn_conv_d10x10_k3x3/core.cpp:117
.preheader85:30  %x_3 = add i2 1, %x4_mid2


 <State 9>: 5.13ns
ST_9: window_2_2_load_1 (107)  [1/1] 0.00ns
.preheader85:0  %window_2_2_load_1 = load i32* %window_2_2

ST_9: empty_10 (108)  [1/1] 0.00ns
.preheader85:1  %empty_10 = call i32 (...)* @_ssdm_op_SpecLoopTripCount(i64 4, i64 4, i64 4)

ST_9: tmp_4 (118)  [1/1] 0.00ns  loc: cnn_conv_d10x10_k3x3/core.cpp:117
.preheader85:11  %tmp_4 = call i32 (...)* @_ssdm_op_SpecRegionBegin([12 x i8]* @p_str8)

ST_9: StgValue_119 (119)  [1/1] 0.00ns  loc: cnn_conv_d10x10_k3x3/core.cpp:118
.preheader85:12  call void (...)* @_ssdm_op_SpecPipeline(i32 -1, i32 1, i32 1, i32 0, [1 x i8]* @p_str2) nounwind

ST_9: lineBuffer_0_load (124)  [1/2] 2.39ns  loc: cnn_conv_d10x10_k3x3/core.cpp:119
.preheader85:17  %lineBuffer_0_load = load i32* %lineBuffer_0_addr_1, align 4

ST_9: lineBuffer_1_load (125)  [1/2] 2.39ns  loc: cnn_conv_d10x10_k3x3/core.cpp:119
.preheader85:18  %lineBuffer_1_load = load i32* %lineBuffer_1_addr_1, align 4

ST_9: window_1_1_2 (126)  [1/1] 1.37ns  loc: cnn_conv_d10x10_k3x3/core.cpp:119
.preheader85:19  %window_1_1_2 = select i1 %tmp_9, i32 %lineBuffer_0_load, i32 %lineBuffer_1_load

ST_9: window_2_2_1 (128)  [1/1] 0.00ns  loc: cnn_conv_d10x10_k3x3/core.cpp:119 (grouped into LUT with out node window_2_2_8)
.preheader85:21  %window_2_2_1 = select i1 %cond1, i32 %window_1_2_1, i32 %window_1_1_2

ST_9: window_2_2_2 (129)  [1/1] 0.00ns  loc: cnn_conv_d10x10_k3x3/core.cpp:119 (grouped into LUT with out node window_2_2_9)
.preheader85:22  %window_2_2_2 = select i1 %cond1, i32 %window_1_1_2, i32 %window_1_1_1

ST_9: window_2_2_4 (130)  [1/1] 0.00ns  loc: cnn_conv_d10x10_k3x3/core.cpp:119 (grouped into LUT with out node window_2_2_6)
.preheader85:23  %window_2_2_4 = select i1 %cond1, i32 %window_2_2_load_1, i32 %window_1_1_2

ST_9: window_2_2_5 (131)  [1/1] 0.00ns  loc: cnn_conv_d10x10_k3x3/core.cpp:119 (grouped into LUT with out node window_2_2_7)
.preheader85:24  %window_2_2_5 = select i1 %cond1, i32 %window_1_1_2, i32 %window_2_1_1

ST_9: window_2_2_6 (132)  [1/1] 1.37ns  loc: cnn_conv_d10x10_k3x3/core.cpp:119 (out node of the LUT)
.preheader85:25  %window_2_2_6 = select i1 %cond_mid2, i32 %window_2_2_load_1, i32 %window_2_2_4

ST_9: window_2_2_7 (133)  [1/1] 1.37ns  loc: cnn_conv_d10x10_k3x3/core.cpp:119 (out node of the LUT)
.preheader85:26  %window_2_2_7 = select i1 %cond_mid2, i32 %window_2_1_1, i32 %window_2_2_5

ST_9: window_2_2_8 (134)  [1/1] 1.37ns  loc: cnn_conv_d10x10_k3x3/core.cpp:119 (out node of the LUT)
.preheader85:27  %window_2_2_8 = select i1 %cond_mid2, i32 %window_2_2_1, i32 %window_1_2_1

ST_9: window_2_2_9 (135)  [1/1] 1.37ns  loc: cnn_conv_d10x10_k3x3/core.cpp:119 (out node of the LUT)
.preheader85:28  %window_2_2_9 = select i1 %cond_mid2, i32 %window_2_2_2, i32 %window_1_1_1

ST_9: empty_11 (136)  [1/1] 0.00ns  loc: cnn_conv_d10x10_k3x3/core.cpp:120
.preheader85:29  %empty_11 = call i32 (...)* @_ssdm_op_SpecRegionEnd([12 x i8]* @p_str8, i32 %tmp_4)

ST_9: StgValue_132 (138)  [1/1] 0.00ns  loc: cnn_conv_d10x10_k3x3/core.cpp:119
.preheader85:31  store i32 %window_2_2_6, i32* %window_2_2

ST_9: StgValue_133 (139)  [1/1] 0.00ns  loc: cnn_conv_d10x10_k3x3/core.cpp:117
.preheader85:32  br label %.preheader84


 <State 10>: 1.57ns
ST_10: window_0_0_read_as (141)  [1/1] 0.00ns
.preheader83.preheader:0  %window_0_0_read_as = alloca i32

ST_10: window_0_0 (142)  [1/1] 0.00ns
.preheader83.preheader:1  %window_0_0 = alloca i32

ST_10: window_0_1 (143)  [1/1] 0.00ns
.preheader83.preheader:2  %window_0_1 = alloca i32

ST_10: window_1_0_read_as (144)  [1/1] 0.00ns
.preheader83.preheader:3  %window_1_0_read_as = alloca i32

ST_10: window_2_0_read_as (145)  [1/1] 0.00ns
.preheader83.preheader:4  %window_2_0_read_as = alloca i32

ST_10: window_2_2_load (146)  [1/1] 0.00ns  loc: cnn_conv_d10x10_k3x3/core.cpp:119
.preheader83.preheader:5  %window_2_2_load = load i32* %window_2_2

ST_10: window_2_1 (147)  [1/1] 0.00ns
.preheader83.preheader:6  %window_2_1 = alloca i32

ST_10: writeCount_1 (148)  [1/1] 0.00ns
.preheader83.preheader:7  %writeCount_1 = alloca i32

ST_10: readCount_1 (149)  [1/1] 0.00ns
.preheader83.preheader:8  %readCount_1 = alloca i32

ST_10: tmp_8 (150)  [1/1] 0.00ns  loc: cnn_conv_d10x10_k3x3/core.cpp:58->cnn_conv_d10x10_k3x3/core.cpp:135
.preheader83.preheader:9  %tmp_8 = trunc i32 %ctrl_read to i1

ST_10: StgValue_144 (151)  [1/1] 1.57ns
.preheader83.preheader:10  store i32 12, i32* %readCount_1

ST_10: StgValue_145 (152)  [1/1] 1.57ns
.preheader83.preheader:11  store i32 0, i32* %writeCount_1

ST_10: StgValue_146 (153)  [1/1] 1.57ns  loc: cnn_conv_d10x10_k3x3/core.cpp:119
.preheader83.preheader:12  store i32 %window_2_2_load, i32* %window_2_1

ST_10: StgValue_147 (154)  [1/1] 1.57ns  loc: cnn_conv_d10x10_k3x3/core.cpp:124
.preheader83.preheader:13  br label %.preheader82


 <State 11>: 7.86ns
ST_11: indvar_flatten6 (156)  [1/1] 0.00ns
.preheader82:0  %indvar_flatten6 = phi i7 [ 0, %.preheader83.preheader ], [ %indvar_flatten_next7, %._crit_edge88 ]

ST_11: y_assign (157)  [1/1] 0.00ns  loc: cnn_conv_d10x10_k3x3/core.cpp:125
.preheader82:1  %y_assign = phi i4 [ 0, %.preheader83.preheader ], [ %y_assign_mid2, %._crit_edge88 ]

ST_11: x_assign (161)  [1/1] 0.00ns
.preheader82:5  %x_assign = phi i4 [ 0, %.preheader83.preheader ], [ %x_4, %._crit_edge88 ]

ST_11: exitcond_flatten8 (168)  [1/1] 1.97ns
.preheader82:12  %exitcond_flatten8 = icmp eq i7 %indvar_flatten6, -28

ST_11: indvar_flatten_next7 (169)  [1/1] 1.72ns
.preheader82:13  %indvar_flatten_next7 = add i7 %indvar_flatten6, 1

ST_11: empty_14 (176)  [1/1] 0.00ns
.preheader83:0  %empty_14 = call i32 (...)* @_ssdm_op_SpecLoopTripCount(i64 100, i64 100, i64 100)

ST_11: exitcond2 (177)  [1/1] 1.88ns  loc: cnn_conv_d10x10_k3x3/core.cpp:125
.preheader83:1  %exitcond2 = icmp eq i4 %x_assign, -6

ST_11: x_assign_mid2 (178)  [1/1] 1.37ns  loc: cnn_conv_d10x10_k3x3/core.cpp:125
.preheader83:2  %x_assign_mid2 = select i1 %exitcond2, i4 0, i4 %x_assign

ST_11: y_s (179)  [1/1] 0.80ns  loc: cnn_conv_d10x10_k3x3/core.cpp:124
.preheader83:3  %y_s = add i4 %y_assign, 1

ST_11: tmp_i_mid1 (180)  [1/1] 1.88ns  loc: cnn_conv_d10x10_k3x3/core.cpp:40->cnn_conv_d10x10_k3x3/core.cpp:129
.preheader83:4  %tmp_i_mid1 = icmp eq i4 %y_s, 0

ST_11: tmp_i (181)  [1/1] 1.88ns  loc: cnn_conv_d10x10_k3x3/core.cpp:40->cnn_conv_d10x10_k3x3/core.cpp:129
.preheader83:5  %tmp_i = icmp eq i4 %y_assign, 0

ST_11: tmp_i_mid2 (182)  [1/1] 0.00ns  loc: cnn_conv_d10x10_k3x3/core.cpp:40->cnn_conv_d10x10_k3x3/core.cpp:129 (grouped into LUT with out node tmp2)
.preheader83:6  %tmp_i_mid2 = select i1 %exitcond2, i1 %tmp_i_mid1, i1 %tmp_i

ST_11: tmp_2_i_mid1 (183)  [1/1] 1.88ns  loc: cnn_conv_d10x10_k3x3/core.cpp:40->cnn_conv_d10x10_k3x3/core.cpp:129
.preheader83:7  %tmp_2_i_mid1 = icmp ugt i4 %y_s, -8

ST_11: tmp_2_i (184)  [1/1] 1.88ns  loc: cnn_conv_d10x10_k3x3/core.cpp:40->cnn_conv_d10x10_k3x3/core.cpp:129
.preheader83:8  %tmp_2_i = icmp ugt i4 %y_assign, -8

ST_11: tmp_2_i_mid2 (185)  [1/1] 0.00ns  loc: cnn_conv_d10x10_k3x3/core.cpp:40->cnn_conv_d10x10_k3x3/core.cpp:129 (grouped into LUT with out node p_i)
.preheader83:9  %tmp_2_i_mid2 = select i1 %exitcond2, i1 %tmp_2_i_mid1, i1 %tmp_2_i

ST_11: y_assign_mid2 (186)  [1/1] 1.37ns  loc: cnn_conv_d10x10_k3x3/core.cpp:125
.preheader83:10  %y_assign_mid2 = select i1 %exitcond2, i4 %y_s, i4 %y_assign

ST_11: x_assign_cast (187)  [1/1] 0.00ns  loc: cnn_conv_d10x10_k3x3/core.cpp:125
.preheader83:11  %x_assign_cast = zext i4 %x_assign_mid2 to i32

ST_11: tmp_3 (188)  [1/1] 0.00ns  loc: cnn_conv_d10x10_k3x3/core.cpp:125
.preheader83:12  %tmp_3 = call i32 (...)* @_ssdm_op_SpecRegionBegin([12 x i8]* @p_str9)

ST_11: StgValue_166 (189)  [1/1] 0.00ns  loc: cnn_conv_d10x10_k3x3/core.cpp:126
.preheader83:13  call void (...)* @_ssdm_op_SpecPipeline(i32 -1, i32 1, i32 1, i32 0, [1 x i8]* @p_str2) nounwind

ST_11: tmp_i_15 (190)  [1/1] 1.88ns  loc: cnn_conv_d10x10_k3x3/core.cpp:40->cnn_conv_d10x10_k3x3/core.cpp:129
.preheader83:14  %tmp_i_15 = icmp eq i4 %x_assign_mid2, 0

ST_11: tmp_1_i (191)  [1/1] 1.88ns  loc: cnn_conv_d10x10_k3x3/core.cpp:40->cnn_conv_d10x10_k3x3/core.cpp:129
.preheader83:15  %tmp_1_i = icmp ugt i4 %x_assign_mid2, -8

ST_11: tmp2 (192)  [1/1] 1.37ns  loc: cnn_conv_d10x10_k3x3/core.cpp:40->cnn_conv_d10x10_k3x3/core.cpp:129 (out node of the LUT)
.preheader83:16  %tmp2 = or i1 %tmp_i_15, %tmp_i_mid2

ST_11: tmp3 (193)  [1/1] 0.00ns  loc: cnn_conv_d10x10_k3x3/core.cpp:40->cnn_conv_d10x10_k3x3/core.cpp:129 (grouped into LUT with out node p_i)
.preheader83:17  %tmp3 = or i1 %tmp_1_i, %tmp_2_i_mid2

ST_11: p_i (194)  [1/1] 1.37ns  loc: cnn_conv_d10x10_k3x3/core.cpp:40->cnn_conv_d10x10_k3x3/core.cpp:129 (out node of the LUT)
.preheader83:18  %p_i = or i1 %tmp3, %tmp2

ST_11: StgValue_172 (195)  [1/1] 0.00ns  loc: cnn_conv_d10x10_k3x3/core.cpp:129
.preheader83:19  br i1 %p_i, label %._crit_edge, label %_ifconv1

ST_11: readCount_1_load (253)  [1/1] 0.00ns  loc: cnn_conv_d10x10_k3x3/core.cpp:154
._crit_edge:0  %readCount_1_load = load i32* %readCount_1

ST_11: lineBuffer_0_addr_2 (254)  [1/1] 0.00ns  loc: cnn_conv_d10x10_k3x3/core.cpp:125
._crit_edge:1  %lineBuffer_0_addr_2 = getelementptr [10 x i32]* %lineBuffer_0, i32 0, i32 %x_assign_cast

ST_11: windowRightCol_0 (255)  [2/2] 2.39ns  loc: cnn_conv_d10x10_k3x3/core.cpp:147
._crit_edge:2  %windowRightCol_0 = load i32* %lineBuffer_0_addr_2, align 4

ST_11: lineBuffer_1_addr_2 (256)  [1/1] 0.00ns  loc: cnn_conv_d10x10_k3x3/core.cpp:125
._crit_edge:3  %lineBuffer_1_addr_2 = getelementptr [10 x i32]* %lineBuffer_1, i32 0, i32 %x_assign_cast

ST_11: windowRightCol_1 (257)  [2/2] 2.39ns  loc: cnn_conv_d10x10_k3x3/core.cpp:149
._crit_edge:4  %windowRightCol_1 = load i32* %lineBuffer_1_addr_2, align 4

ST_11: tmp_5 (259)  [1/1] 2.52ns  loc: cnn_conv_d10x10_k3x3/core.cpp:154
._crit_edge:6  %tmp_5 = icmp slt i32 %readCount_1_load, 100

ST_11: StgValue_179 (261)  [1/1] 0.00ns  loc: cnn_conv_d10x10_k3x3/core.cpp:154
._crit_edge:8  br i1 %tmp_5, label %4, label %._crit_edge88

ST_11: empty_12 (263)  [2/2] 0.00ns  loc: cnn_conv_d10x10_k3x3/core.cpp:155
:0  %empty_12 = call { i32, i4, i4, i2, i1, i5, i6 } @_ssdm_op_Read.axis.volatile.i32P.i4P.i4P.i2P.i1P.i5P.i6P(i32* %inStream_V_data_V, i4* %inStream_V_keep_V, i4* %inStream_V_strb_V, i2* %inStream_V_user_V, i1* %inStream_V_last_V, i5* %inStream_V_id_V, i6* %inStream_V_dest_V)

ST_11: readCount (265)  [1/1] 2.44ns  loc: cnn_conv_d10x10_k3x3/core.cpp:156
:2  %readCount = add nsw i32 %readCount_1_load, 1

ST_11: StgValue_182 (266)  [1/1] 1.57ns  loc: cnn_conv_d10x10_k3x3/core.cpp:156
:3  store i32 %readCount, i32* %readCount_1

ST_11: x_4 (273)  [1/1] 0.80ns  loc: cnn_conv_d10x10_k3x3/core.cpp:125
._crit_edge88:3  %x_4 = add i4 %x_assign_mid2, 1


 <State 12>: 4.81ns
ST_12: window_2_0 (158)  [1/1] 0.00ns
.preheader82:2  %window_2_0 = phi i32 [ %window_2_1_1, %.preheader83.preheader ], [ %window_2_1_2, %._crit_edge88 ]

ST_12: window_1_1 (159)  [1/1] 0.00ns
.preheader82:3  %window_1_1 = phi i32 [ %window_1_2_1, %.preheader83.preheader ], [ %windowRightCol_1, %._crit_edge88 ]

ST_12: window_1_0 (160)  [1/1] 0.00ns
.preheader82:4  %window_1_0 = phi i32 [ %window_1_1_1, %.preheader83.preheader ], [ %window_1_1, %._crit_edge88 ]

ST_12: window_0_0_read_as_1 (162)  [1/1] 0.00ns  loc: cnn_conv_d10x10_k3x3/core.cpp:53->cnn_conv_d10x10_k3x3/core.cpp:135
.preheader82:6  %window_0_0_read_as_1 = load i32* %window_0_0_read_as

ST_12: window_0_0_load (163)  [1/1] 0.00ns
.preheader82:7  %window_0_0_load = load i32* %window_0_0

ST_12: window_0_1_load (164)  [1/1] 0.00ns
.preheader82:8  %window_0_1_load = load i32* %window_0_1

ST_12: window_1_0_read_as_1 (165)  [1/1] 0.00ns  loc: cnn_conv_d10x10_k3x3/core.cpp:53->cnn_conv_d10x10_k3x3/core.cpp:135
.preheader82:9  %window_1_0_read_as_1 = load i32* %window_1_0_read_as

ST_12: window_2_0_read_as_1 (166)  [1/1] 0.00ns  loc: cnn_conv_d10x10_k3x3/core.cpp:53->cnn_conv_d10x10_k3x3/core.cpp:135
.preheader82:10  %window_2_0_read_as_1 = load i32* %window_2_0_read_as

ST_12: window_2_1_2 (167)  [1/1] 0.00ns
.preheader82:11  %window_2_1_2 = load i32* %window_2_1

ST_12: StgValue_193 (170)  [1/1] 0.00ns  loc: cnn_conv_d10x10_k3x3/core.cpp:119
.preheader82:14  store i32 %window_2_0, i32* %window_2_0_read_as

ST_12: StgValue_194 (171)  [1/1] 0.00ns  loc: cnn_conv_d10x10_k3x3/core.cpp:119
.preheader82:15  store i32 %window_1_0, i32* %window_1_0_read_as

ST_12: StgValue_195 (172)  [1/1] 0.00ns
.preheader82:16  store i32 %window_0_1_load, i32* %window_0_0

ST_12: StgValue_196 (173)  [1/1] 0.00ns
.preheader82:17  store i32 %window_0_0_load, i32* %window_0_0_read_as

ST_12: StgValue_197 (174)  [1/1] 0.00ns
.preheader82:18  br i1 %exitcond_flatten8, label %5, label %.preheader83

ST_12: window_0_1_load_1 (197)  [1/1] 0.00ns  loc: cnn_conv_d10x10_k3x3/core.cpp:53->cnn_conv_d10x10_k3x3/core.cpp:135
_ifconv1:0  %window_0_1_load_1 = load i32* %window_0_1

ST_12: kernel_0_read (200)  [1/1] 1.00ns  loc: cnn_conv_d10x10_k3x3/core.cpp:135
_ifconv1:3  %kernel_0_read = call i32 @_ssdm_op_Read.s_axilite.i32P(i32* %kernel_0)

ST_12: kernel_1_read (201)  [1/1] 1.00ns  loc: cnn_conv_d10x10_k3x3/core.cpp:135
_ifconv1:4  %kernel_1_read = call i32 @_ssdm_op_Read.s_axilite.i32P(i32* %kernel_1)

ST_12: kernel_2_read (202)  [1/1] 1.00ns  loc: cnn_conv_d10x10_k3x3/core.cpp:135
_ifconv1:5  %kernel_2_read = call i32 @_ssdm_op_Read.s_axilite.i32P(i32* %kernel_2)

ST_12: kernel_3_read (203)  [1/1] 1.00ns  loc: cnn_conv_d10x10_k3x3/core.cpp:135
_ifconv1:6  %kernel_3_read = call i32 @_ssdm_op_Read.s_axilite.i32P(i32* %kernel_3)

ST_12: kernel_4_read (204)  [1/1] 1.00ns  loc: cnn_conv_d10x10_k3x3/core.cpp:135
_ifconv1:7  %kernel_4_read = call i32 @_ssdm_op_Read.s_axilite.i32P(i32* %kernel_4)

ST_12: kernel_5_read (205)  [1/1] 1.00ns  loc: cnn_conv_d10x10_k3x3/core.cpp:135
_ifconv1:8  %kernel_5_read = call i32 @_ssdm_op_Read.s_axilite.i32P(i32* %kernel_5)

ST_12: kernel_6_read (206)  [1/1] 1.00ns  loc: cnn_conv_d10x10_k3x3/core.cpp:135
_ifconv1:9  %kernel_6_read = call i32 @_ssdm_op_Read.s_axilite.i32P(i32* %kernel_6)

ST_12: kernel_7_read (207)  [1/1] 1.00ns  loc: cnn_conv_d10x10_k3x3/core.cpp:135
_ifconv1:10  %kernel_7_read = call i32 @_ssdm_op_Read.s_axilite.i32P(i32* %kernel_7)

ST_12: kernel_8_read (208)  [1/1] 1.00ns  loc: cnn_conv_d10x10_k3x3/core.cpp:135
_ifconv1:11  %kernel_8_read = call i32 @_ssdm_op_Read.s_axilite.i32P(i32* %kernel_8)

ST_12: tmp_9_0_i (209)  [8/8] 3.81ns  loc: cnn_conv_d10x10_k3x3/core.cpp:53->cnn_conv_d10x10_k3x3/core.cpp:135
_ifconv1:12  %tmp_9_0_i = call fastcc i23 @fixed_point_mul(i32 %window_0_0_read_as_1, i32 %kernel_0_read)

ST_12: tmp_9_0_1_i (210)  [8/8] 3.81ns  loc: cnn_conv_d10x10_k3x3/core.cpp:53->cnn_conv_d10x10_k3x3/core.cpp:135
_ifconv1:13  %tmp_9_0_1_i = call fastcc i23 @fixed_point_mul(i32 %window_0_0_load, i32 %kernel_1_read)

ST_12: tmp_9_0_2_i (211)  [8/8] 3.81ns  loc: cnn_conv_d10x10_k3x3/core.cpp:53->cnn_conv_d10x10_k3x3/core.cpp:135
_ifconv1:14  %tmp_9_0_2_i = call fastcc i23 @fixed_point_mul(i32 %window_0_1_load_1, i32 %kernel_2_read)

ST_12: tmp_9_1_i (212)  [8/8] 3.81ns  loc: cnn_conv_d10x10_k3x3/core.cpp:53->cnn_conv_d10x10_k3x3/core.cpp:135
_ifconv1:15  %tmp_9_1_i = call fastcc i23 @fixed_point_mul(i32 %window_1_0_read_as_1, i32 %kernel_3_read)

ST_12: tmp_9_1_1_i (213)  [8/8] 3.81ns  loc: cnn_conv_d10x10_k3x3/core.cpp:53->cnn_conv_d10x10_k3x3/core.cpp:135
_ifconv1:16  %tmp_9_1_1_i = call fastcc i23 @fixed_point_mul(i32 %window_1_0, i32 %kernel_4_read)

ST_12: tmp_9_1_2_i (214)  [8/8] 3.81ns  loc: cnn_conv_d10x10_k3x3/core.cpp:53->cnn_conv_d10x10_k3x3/core.cpp:135
_ifconv1:17  %tmp_9_1_2_i = call fastcc i23 @fixed_point_mul(i32 %window_1_1, i32 %kernel_5_read)

ST_12: tmp_9_2_i (215)  [8/8] 3.81ns  loc: cnn_conv_d10x10_k3x3/core.cpp:53->cnn_conv_d10x10_k3x3/core.cpp:135
_ifconv1:18  %tmp_9_2_i = call fastcc i23 @fixed_point_mul(i32 %window_2_0_read_as_1, i32 %kernel_6_read)

ST_12: tmp_9_2_1_i (216)  [8/8] 3.81ns  loc: cnn_conv_d10x10_k3x3/core.cpp:53->cnn_conv_d10x10_k3x3/core.cpp:135
_ifconv1:19  %tmp_9_2_1_i = call fastcc i23 @fixed_point_mul(i32 %window_2_0, i32 %kernel_7_read)

ST_12: tmp_9_2_2_i (217)  [8/8] 3.81ns  loc: cnn_conv_d10x10_k3x3/core.cpp:53->cnn_conv_d10x10_k3x3/core.cpp:135
_ifconv1:20  %tmp_9_2_2_i = call fastcc i23 @fixed_point_mul(i32 %window_2_1_2, i32 %kernel_8_read)

ST_12: windowRightCol_0 (255)  [1/2] 2.39ns  loc: cnn_conv_d10x10_k3x3/core.cpp:147
._crit_edge:2  %windowRightCol_0 = load i32* %lineBuffer_0_addr_2, align 4

ST_12: windowRightCol_1 (257)  [1/2] 2.39ns  loc: cnn_conv_d10x10_k3x3/core.cpp:149
._crit_edge:4  %windowRightCol_1 = load i32* %lineBuffer_1_addr_2, align 4

ST_12: StgValue_219 (258)  [1/1] 2.39ns  loc: cnn_conv_d10x10_k3x3/core.cpp:149
._crit_edge:5  store i32 %windowRightCol_1, i32* %lineBuffer_0_addr_2, align 4

ST_12: StgValue_220 (260)  [1/1] 0.00ns  loc: cnn_conv_d10x10_k3x3/core.cpp:147
._crit_edge:7  store i32 %windowRightCol_0, i32* %window_0_1

ST_12: empty_12 (263)  [1/2] 0.00ns  loc: cnn_conv_d10x10_k3x3/core.cpp:155
:0  %empty_12 = call { i32, i4, i4, i2, i1, i5, i6 } @_ssdm_op_Read.axis.volatile.i32P.i4P.i4P.i2P.i1P.i5P.i6P(i32* %inStream_V_data_V, i4* %inStream_V_keep_V, i4* %inStream_V_strb_V, i2* %inStream_V_user_V, i1* %inStream_V_last_V, i5* %inStream_V_id_V, i6* %inStream_V_dest_V)

ST_12: tmp_data_V_4 (264)  [1/1] 0.00ns  loc: cnn_conv_d10x10_k3x3/core.cpp:155
:1  %tmp_data_V_4 = extractvalue { i32, i4, i4, i2, i1, i5, i6 } %empty_12, 0

ST_12: StgValue_223 (267)  [1/1] 1.57ns  loc: cnn_conv_d10x10_k3x3/core.cpp:155
:4  store i32 %tmp_data_V_4, i32* %window_2_1

ST_12: StgValue_224 (268)  [1/1] 0.00ns  loc: cnn_conv_d10x10_k3x3/core.cpp:157
:5  br label %._crit_edge88


 <State 13>: 6.08ns
ST_13: tmp_9_0_i (209)  [7/8] 6.08ns  loc: cnn_conv_d10x10_k3x3/core.cpp:53->cnn_conv_d10x10_k3x3/core.cpp:135
_ifconv1:12  %tmp_9_0_i = call fastcc i23 @fixed_point_mul(i32 %window_0_0_read_as_1, i32 %kernel_0_read)

ST_13: tmp_9_0_1_i (210)  [7/8] 6.08ns  loc: cnn_conv_d10x10_k3x3/core.cpp:53->cnn_conv_d10x10_k3x3/core.cpp:135
_ifconv1:13  %tmp_9_0_1_i = call fastcc i23 @fixed_point_mul(i32 %window_0_0_load, i32 %kernel_1_read)

ST_13: tmp_9_0_2_i (211)  [7/8] 6.08ns  loc: cnn_conv_d10x10_k3x3/core.cpp:53->cnn_conv_d10x10_k3x3/core.cpp:135
_ifconv1:14  %tmp_9_0_2_i = call fastcc i23 @fixed_point_mul(i32 %window_0_1_load_1, i32 %kernel_2_read)

ST_13: tmp_9_1_i (212)  [7/8] 6.08ns  loc: cnn_conv_d10x10_k3x3/core.cpp:53->cnn_conv_d10x10_k3x3/core.cpp:135
_ifconv1:15  %tmp_9_1_i = call fastcc i23 @fixed_point_mul(i32 %window_1_0_read_as_1, i32 %kernel_3_read)

ST_13: tmp_9_1_1_i (213)  [7/8] 6.08ns  loc: cnn_conv_d10x10_k3x3/core.cpp:53->cnn_conv_d10x10_k3x3/core.cpp:135
_ifconv1:16  %tmp_9_1_1_i = call fastcc i23 @fixed_point_mul(i32 %window_1_0, i32 %kernel_4_read)

ST_13: tmp_9_1_2_i (214)  [7/8] 6.08ns  loc: cnn_conv_d10x10_k3x3/core.cpp:53->cnn_conv_d10x10_k3x3/core.cpp:135
_ifconv1:17  %tmp_9_1_2_i = call fastcc i23 @fixed_point_mul(i32 %window_1_1, i32 %kernel_5_read)

ST_13: tmp_9_2_i (215)  [7/8] 6.08ns  loc: cnn_conv_d10x10_k3x3/core.cpp:53->cnn_conv_d10x10_k3x3/core.cpp:135
_ifconv1:18  %tmp_9_2_i = call fastcc i23 @fixed_point_mul(i32 %window_2_0_read_as_1, i32 %kernel_6_read)

ST_13: tmp_9_2_1_i (216)  [7/8] 6.08ns  loc: cnn_conv_d10x10_k3x3/core.cpp:53->cnn_conv_d10x10_k3x3/core.cpp:135
_ifconv1:19  %tmp_9_2_1_i = call fastcc i23 @fixed_point_mul(i32 %window_2_0, i32 %kernel_7_read)

ST_13: tmp_9_2_2_i (217)  [7/8] 6.08ns  loc: cnn_conv_d10x10_k3x3/core.cpp:53->cnn_conv_d10x10_k3x3/core.cpp:135
_ifconv1:20  %tmp_9_2_2_i = call fastcc i23 @fixed_point_mul(i32 %window_2_1_2, i32 %kernel_8_read)

ST_13: window_2_2_10 (270)  [1/1] 0.00ns
._crit_edge88:0  %window_2_2_10 = load i32* %window_2_1

ST_13: StgValue_235 (271)  [1/1] 2.39ns  loc: cnn_conv_d10x10_k3x3/core.cpp:158
._crit_edge88:1  store i32 %window_2_2_10, i32* %lineBuffer_1_addr_2, align 4

ST_13: empty_13 (272)  [1/1] 0.00ns  loc: cnn_conv_d10x10_k3x3/core.cpp:171
._crit_edge88:2  %empty_13 = call i32 (...)* @_ssdm_op_SpecRegionEnd([12 x i8]* @p_str9, i32 %tmp_3)

ST_13: StgValue_237 (274)  [1/1] 0.00ns  loc: cnn_conv_d10x10_k3x3/core.cpp:125
._crit_edge88:4  br label %.preheader82


 <State 14>: 6.08ns
ST_14: tmp_9_0_i (209)  [6/8] 6.08ns  loc: cnn_conv_d10x10_k3x3/core.cpp:53->cnn_conv_d10x10_k3x3/core.cpp:135
_ifconv1:12  %tmp_9_0_i = call fastcc i23 @fixed_point_mul(i32 %window_0_0_read_as_1, i32 %kernel_0_read)

ST_14: tmp_9_0_1_i (210)  [6/8] 6.08ns  loc: cnn_conv_d10x10_k3x3/core.cpp:53->cnn_conv_d10x10_k3x3/core.cpp:135
_ifconv1:13  %tmp_9_0_1_i = call fastcc i23 @fixed_point_mul(i32 %window_0_0_load, i32 %kernel_1_read)

ST_14: tmp_9_0_2_i (211)  [6/8] 6.08ns  loc: cnn_conv_d10x10_k3x3/core.cpp:53->cnn_conv_d10x10_k3x3/core.cpp:135
_ifconv1:14  %tmp_9_0_2_i = call fastcc i23 @fixed_point_mul(i32 %window_0_1_load_1, i32 %kernel_2_read)

ST_14: tmp_9_1_i (212)  [6/8] 6.08ns  loc: cnn_conv_d10x10_k3x3/core.cpp:53->cnn_conv_d10x10_k3x3/core.cpp:135
_ifconv1:15  %tmp_9_1_i = call fastcc i23 @fixed_point_mul(i32 %window_1_0_read_as_1, i32 %kernel_3_read)

ST_14: tmp_9_1_1_i (213)  [6/8] 6.08ns  loc: cnn_conv_d10x10_k3x3/core.cpp:53->cnn_conv_d10x10_k3x3/core.cpp:135
_ifconv1:16  %tmp_9_1_1_i = call fastcc i23 @fixed_point_mul(i32 %window_1_0, i32 %kernel_4_read)

ST_14: tmp_9_1_2_i (214)  [6/8] 6.08ns  loc: cnn_conv_d10x10_k3x3/core.cpp:53->cnn_conv_d10x10_k3x3/core.cpp:135
_ifconv1:17  %tmp_9_1_2_i = call fastcc i23 @fixed_point_mul(i32 %window_1_1, i32 %kernel_5_read)

ST_14: tmp_9_2_i (215)  [6/8] 6.08ns  loc: cnn_conv_d10x10_k3x3/core.cpp:53->cnn_conv_d10x10_k3x3/core.cpp:135
_ifconv1:18  %tmp_9_2_i = call fastcc i23 @fixed_point_mul(i32 %window_2_0_read_as_1, i32 %kernel_6_read)

ST_14: tmp_9_2_1_i (216)  [6/8] 6.08ns  loc: cnn_conv_d10x10_k3x3/core.cpp:53->cnn_conv_d10x10_k3x3/core.cpp:135
_ifconv1:19  %tmp_9_2_1_i = call fastcc i23 @fixed_point_mul(i32 %window_2_0, i32 %kernel_7_read)

ST_14: tmp_9_2_2_i (217)  [6/8] 6.08ns  loc: cnn_conv_d10x10_k3x3/core.cpp:53->cnn_conv_d10x10_k3x3/core.cpp:135
_ifconv1:20  %tmp_9_2_2_i = call fastcc i23 @fixed_point_mul(i32 %window_2_1_2, i32 %kernel_8_read)


 <State 15>: 6.08ns
ST_15: tmp_9_0_i (209)  [5/8] 6.08ns  loc: cnn_conv_d10x10_k3x3/core.cpp:53->cnn_conv_d10x10_k3x3/core.cpp:135
_ifconv1:12  %tmp_9_0_i = call fastcc i23 @fixed_point_mul(i32 %window_0_0_read_as_1, i32 %kernel_0_read)

ST_15: tmp_9_0_1_i (210)  [5/8] 6.08ns  loc: cnn_conv_d10x10_k3x3/core.cpp:53->cnn_conv_d10x10_k3x3/core.cpp:135
_ifconv1:13  %tmp_9_0_1_i = call fastcc i23 @fixed_point_mul(i32 %window_0_0_load, i32 %kernel_1_read)

ST_15: tmp_9_0_2_i (211)  [5/8] 6.08ns  loc: cnn_conv_d10x10_k3x3/core.cpp:53->cnn_conv_d10x10_k3x3/core.cpp:135
_ifconv1:14  %tmp_9_0_2_i = call fastcc i23 @fixed_point_mul(i32 %window_0_1_load_1, i32 %kernel_2_read)

ST_15: tmp_9_1_i (212)  [5/8] 6.08ns  loc: cnn_conv_d10x10_k3x3/core.cpp:53->cnn_conv_d10x10_k3x3/core.cpp:135
_ifconv1:15  %tmp_9_1_i = call fastcc i23 @fixed_point_mul(i32 %window_1_0_read_as_1, i32 %kernel_3_read)

ST_15: tmp_9_1_1_i (213)  [5/8] 6.08ns  loc: cnn_conv_d10x10_k3x3/core.cpp:53->cnn_conv_d10x10_k3x3/core.cpp:135
_ifconv1:16  %tmp_9_1_1_i = call fastcc i23 @fixed_point_mul(i32 %window_1_0, i32 %kernel_4_read)

ST_15: tmp_9_1_2_i (214)  [5/8] 6.08ns  loc: cnn_conv_d10x10_k3x3/core.cpp:53->cnn_conv_d10x10_k3x3/core.cpp:135
_ifconv1:17  %tmp_9_1_2_i = call fastcc i23 @fixed_point_mul(i32 %window_1_1, i32 %kernel_5_read)

ST_15: tmp_9_2_i (215)  [5/8] 6.08ns  loc: cnn_conv_d10x10_k3x3/core.cpp:53->cnn_conv_d10x10_k3x3/core.cpp:135
_ifconv1:18  %tmp_9_2_i = call fastcc i23 @fixed_point_mul(i32 %window_2_0_read_as_1, i32 %kernel_6_read)

ST_15: tmp_9_2_1_i (216)  [5/8] 6.08ns  loc: cnn_conv_d10x10_k3x3/core.cpp:53->cnn_conv_d10x10_k3x3/core.cpp:135
_ifconv1:19  %tmp_9_2_1_i = call fastcc i23 @fixed_point_mul(i32 %window_2_0, i32 %kernel_7_read)

ST_15: tmp_9_2_2_i (217)  [5/8] 6.08ns  loc: cnn_conv_d10x10_k3x3/core.cpp:53->cnn_conv_d10x10_k3x3/core.cpp:135
_ifconv1:20  %tmp_9_2_2_i = call fastcc i23 @fixed_point_mul(i32 %window_2_1_2, i32 %kernel_8_read)


 <State 16>: 6.08ns
ST_16: tmp_9_0_i (209)  [4/8] 6.08ns  loc: cnn_conv_d10x10_k3x3/core.cpp:53->cnn_conv_d10x10_k3x3/core.cpp:135
_ifconv1:12  %tmp_9_0_i = call fastcc i23 @fixed_point_mul(i32 %window_0_0_read_as_1, i32 %kernel_0_read)

ST_16: tmp_9_0_1_i (210)  [4/8] 6.08ns  loc: cnn_conv_d10x10_k3x3/core.cpp:53->cnn_conv_d10x10_k3x3/core.cpp:135
_ifconv1:13  %tmp_9_0_1_i = call fastcc i23 @fixed_point_mul(i32 %window_0_0_load, i32 %kernel_1_read)

ST_16: tmp_9_0_2_i (211)  [4/8] 6.08ns  loc: cnn_conv_d10x10_k3x3/core.cpp:53->cnn_conv_d10x10_k3x3/core.cpp:135
_ifconv1:14  %tmp_9_0_2_i = call fastcc i23 @fixed_point_mul(i32 %window_0_1_load_1, i32 %kernel_2_read)

ST_16: tmp_9_1_i (212)  [4/8] 6.08ns  loc: cnn_conv_d10x10_k3x3/core.cpp:53->cnn_conv_d10x10_k3x3/core.cpp:135
_ifconv1:15  %tmp_9_1_i = call fastcc i23 @fixed_point_mul(i32 %window_1_0_read_as_1, i32 %kernel_3_read)

ST_16: tmp_9_1_1_i (213)  [4/8] 6.08ns  loc: cnn_conv_d10x10_k3x3/core.cpp:53->cnn_conv_d10x10_k3x3/core.cpp:135
_ifconv1:16  %tmp_9_1_1_i = call fastcc i23 @fixed_point_mul(i32 %window_1_0, i32 %kernel_4_read)

ST_16: tmp_9_1_2_i (214)  [4/8] 6.08ns  loc: cnn_conv_d10x10_k3x3/core.cpp:53->cnn_conv_d10x10_k3x3/core.cpp:135
_ifconv1:17  %tmp_9_1_2_i = call fastcc i23 @fixed_point_mul(i32 %window_1_1, i32 %kernel_5_read)

ST_16: tmp_9_2_i (215)  [4/8] 6.08ns  loc: cnn_conv_d10x10_k3x3/core.cpp:53->cnn_conv_d10x10_k3x3/core.cpp:135
_ifconv1:18  %tmp_9_2_i = call fastcc i23 @fixed_point_mul(i32 %window_2_0_read_as_1, i32 %kernel_6_read)

ST_16: tmp_9_2_1_i (216)  [4/8] 6.08ns  loc: cnn_conv_d10x10_k3x3/core.cpp:53->cnn_conv_d10x10_k3x3/core.cpp:135
_ifconv1:19  %tmp_9_2_1_i = call fastcc i23 @fixed_point_mul(i32 %window_2_0, i32 %kernel_7_read)

ST_16: tmp_9_2_2_i (217)  [4/8] 6.08ns  loc: cnn_conv_d10x10_k3x3/core.cpp:53->cnn_conv_d10x10_k3x3/core.cpp:135
_ifconv1:20  %tmp_9_2_2_i = call fastcc i23 @fixed_point_mul(i32 %window_2_1_2, i32 %kernel_8_read)


 <State 17>: 6.08ns
ST_17: tmp_9_0_i (209)  [3/8] 6.08ns  loc: cnn_conv_d10x10_k3x3/core.cpp:53->cnn_conv_d10x10_k3x3/core.cpp:135
_ifconv1:12  %tmp_9_0_i = call fastcc i23 @fixed_point_mul(i32 %window_0_0_read_as_1, i32 %kernel_0_read)

ST_17: tmp_9_0_1_i (210)  [3/8] 6.08ns  loc: cnn_conv_d10x10_k3x3/core.cpp:53->cnn_conv_d10x10_k3x3/core.cpp:135
_ifconv1:13  %tmp_9_0_1_i = call fastcc i23 @fixed_point_mul(i32 %window_0_0_load, i32 %kernel_1_read)

ST_17: tmp_9_0_2_i (211)  [3/8] 6.08ns  loc: cnn_conv_d10x10_k3x3/core.cpp:53->cnn_conv_d10x10_k3x3/core.cpp:135
_ifconv1:14  %tmp_9_0_2_i = call fastcc i23 @fixed_point_mul(i32 %window_0_1_load_1, i32 %kernel_2_read)

ST_17: tmp_9_1_i (212)  [3/8] 6.08ns  loc: cnn_conv_d10x10_k3x3/core.cpp:53->cnn_conv_d10x10_k3x3/core.cpp:135
_ifconv1:15  %tmp_9_1_i = call fastcc i23 @fixed_point_mul(i32 %window_1_0_read_as_1, i32 %kernel_3_read)

ST_17: tmp_9_1_1_i (213)  [3/8] 6.08ns  loc: cnn_conv_d10x10_k3x3/core.cpp:53->cnn_conv_d10x10_k3x3/core.cpp:135
_ifconv1:16  %tmp_9_1_1_i = call fastcc i23 @fixed_point_mul(i32 %window_1_0, i32 %kernel_4_read)

ST_17: tmp_9_1_2_i (214)  [3/8] 6.08ns  loc: cnn_conv_d10x10_k3x3/core.cpp:53->cnn_conv_d10x10_k3x3/core.cpp:135
_ifconv1:17  %tmp_9_1_2_i = call fastcc i23 @fixed_point_mul(i32 %window_1_1, i32 %kernel_5_read)

ST_17: tmp_9_2_i (215)  [3/8] 6.08ns  loc: cnn_conv_d10x10_k3x3/core.cpp:53->cnn_conv_d10x10_k3x3/core.cpp:135
_ifconv1:18  %tmp_9_2_i = call fastcc i23 @fixed_point_mul(i32 %window_2_0_read_as_1, i32 %kernel_6_read)

ST_17: tmp_9_2_1_i (216)  [3/8] 6.08ns  loc: cnn_conv_d10x10_k3x3/core.cpp:53->cnn_conv_d10x10_k3x3/core.cpp:135
_ifconv1:19  %tmp_9_2_1_i = call fastcc i23 @fixed_point_mul(i32 %window_2_0, i32 %kernel_7_read)

ST_17: tmp_9_2_2_i (217)  [3/8] 6.08ns  loc: cnn_conv_d10x10_k3x3/core.cpp:53->cnn_conv_d10x10_k3x3/core.cpp:135
_ifconv1:20  %tmp_9_2_2_i = call fastcc i23 @fixed_point_mul(i32 %window_2_1_2, i32 %kernel_8_read)


 <State 18>: 6.08ns
ST_18: tmp_9_0_i (209)  [2/8] 6.08ns  loc: cnn_conv_d10x10_k3x3/core.cpp:53->cnn_conv_d10x10_k3x3/core.cpp:135
_ifconv1:12  %tmp_9_0_i = call fastcc i23 @fixed_point_mul(i32 %window_0_0_read_as_1, i32 %kernel_0_read)

ST_18: tmp_9_0_1_i (210)  [2/8] 6.08ns  loc: cnn_conv_d10x10_k3x3/core.cpp:53->cnn_conv_d10x10_k3x3/core.cpp:135
_ifconv1:13  %tmp_9_0_1_i = call fastcc i23 @fixed_point_mul(i32 %window_0_0_load, i32 %kernel_1_read)

ST_18: tmp_9_0_2_i (211)  [2/8] 6.08ns  loc: cnn_conv_d10x10_k3x3/core.cpp:53->cnn_conv_d10x10_k3x3/core.cpp:135
_ifconv1:14  %tmp_9_0_2_i = call fastcc i23 @fixed_point_mul(i32 %window_0_1_load_1, i32 %kernel_2_read)

ST_18: tmp_9_1_i (212)  [2/8] 6.08ns  loc: cnn_conv_d10x10_k3x3/core.cpp:53->cnn_conv_d10x10_k3x3/core.cpp:135
_ifconv1:15  %tmp_9_1_i = call fastcc i23 @fixed_point_mul(i32 %window_1_0_read_as_1, i32 %kernel_3_read)

ST_18: tmp_9_1_1_i (213)  [2/8] 6.08ns  loc: cnn_conv_d10x10_k3x3/core.cpp:53->cnn_conv_d10x10_k3x3/core.cpp:135
_ifconv1:16  %tmp_9_1_1_i = call fastcc i23 @fixed_point_mul(i32 %window_1_0, i32 %kernel_4_read)

ST_18: tmp_9_1_2_i (214)  [2/8] 6.08ns  loc: cnn_conv_d10x10_k3x3/core.cpp:53->cnn_conv_d10x10_k3x3/core.cpp:135
_ifconv1:17  %tmp_9_1_2_i = call fastcc i23 @fixed_point_mul(i32 %window_1_1, i32 %kernel_5_read)

ST_18: tmp_9_2_i (215)  [2/8] 6.08ns  loc: cnn_conv_d10x10_k3x3/core.cpp:53->cnn_conv_d10x10_k3x3/core.cpp:135
_ifconv1:18  %tmp_9_2_i = call fastcc i23 @fixed_point_mul(i32 %window_2_0_read_as_1, i32 %kernel_6_read)

ST_18: tmp_9_2_1_i (216)  [2/8] 6.08ns  loc: cnn_conv_d10x10_k3x3/core.cpp:53->cnn_conv_d10x10_k3x3/core.cpp:135
_ifconv1:19  %tmp_9_2_1_i = call fastcc i23 @fixed_point_mul(i32 %window_2_0, i32 %kernel_7_read)

ST_18: tmp_9_2_2_i (217)  [2/8] 6.08ns  loc: cnn_conv_d10x10_k3x3/core.cpp:53->cnn_conv_d10x10_k3x3/core.cpp:135
_ifconv1:20  %tmp_9_2_2_i = call fastcc i23 @fixed_point_mul(i32 %window_2_1_2, i32 %kernel_8_read)


 <State 19>: 7.97ns
ST_19: tmp_9_0_i (209)  [1/8] 3.57ns  loc: cnn_conv_d10x10_k3x3/core.cpp:53->cnn_conv_d10x10_k3x3/core.cpp:135
_ifconv1:12  %tmp_9_0_i = call fastcc i23 @fixed_point_mul(i32 %window_0_0_read_as_1, i32 %kernel_0_read)

ST_19: tmp_9_0_1_i (210)  [1/8] 3.57ns  loc: cnn_conv_d10x10_k3x3/core.cpp:53->cnn_conv_d10x10_k3x3/core.cpp:135
_ifconv1:13  %tmp_9_0_1_i = call fastcc i23 @fixed_point_mul(i32 %window_0_0_load, i32 %kernel_1_read)

ST_19: tmp_9_0_2_i (211)  [1/8] 3.57ns  loc: cnn_conv_d10x10_k3x3/core.cpp:53->cnn_conv_d10x10_k3x3/core.cpp:135
_ifconv1:14  %tmp_9_0_2_i = call fastcc i23 @fixed_point_mul(i32 %window_0_1_load_1, i32 %kernel_2_read)

ST_19: tmp_9_1_i (212)  [1/8] 3.57ns  loc: cnn_conv_d10x10_k3x3/core.cpp:53->cnn_conv_d10x10_k3x3/core.cpp:135
_ifconv1:15  %tmp_9_1_i = call fastcc i23 @fixed_point_mul(i32 %window_1_0_read_as_1, i32 %kernel_3_read)

ST_19: tmp_9_1_1_i (213)  [1/8] 3.57ns  loc: cnn_conv_d10x10_k3x3/core.cpp:53->cnn_conv_d10x10_k3x3/core.cpp:135
_ifconv1:16  %tmp_9_1_1_i = call fastcc i23 @fixed_point_mul(i32 %window_1_0, i32 %kernel_4_read)

ST_19: tmp_9_1_2_i (214)  [1/8] 3.57ns  loc: cnn_conv_d10x10_k3x3/core.cpp:53->cnn_conv_d10x10_k3x3/core.cpp:135
_ifconv1:17  %tmp_9_1_2_i = call fastcc i23 @fixed_point_mul(i32 %window_1_1, i32 %kernel_5_read)

ST_19: tmp_9_2_i (215)  [1/8] 3.57ns  loc: cnn_conv_d10x10_k3x3/core.cpp:53->cnn_conv_d10x10_k3x3/core.cpp:135
_ifconv1:18  %tmp_9_2_i = call fastcc i23 @fixed_point_mul(i32 %window_2_0_read_as_1, i32 %kernel_6_read)

ST_19: tmp_9_2_1_i (216)  [1/8] 3.57ns  loc: cnn_conv_d10x10_k3x3/core.cpp:53->cnn_conv_d10x10_k3x3/core.cpp:135
_ifconv1:19  %tmp_9_2_1_i = call fastcc i23 @fixed_point_mul(i32 %window_2_0, i32 %kernel_7_read)

ST_19: tmp_9_2_2_i (217)  [1/8] 3.57ns  loc: cnn_conv_d10x10_k3x3/core.cpp:53->cnn_conv_d10x10_k3x3/core.cpp:135
_ifconv1:20  %tmp_9_2_2_i = call fastcc i23 @fixed_point_mul(i32 %window_2_1_2, i32 %kernel_8_read)

ST_19: tmp11_trunc_ext_cast (218)  [1/1] 0.00ns  loc: cnn_conv_d10x10_k3x3/core.cpp:53->cnn_conv_d10x10_k3x3/core.cpp:135
_ifconv1:21  %tmp11_trunc_ext_cast = sext i23 %tmp_9_2_i to i24

ST_19: tmp11_trunc25_ext_ca (219)  [1/1] 0.00ns  loc: cnn_conv_d10x10_k3x3/core.cpp:53->cnn_conv_d10x10_k3x3/core.cpp:135
_ifconv1:22  %tmp11_trunc25_ext_ca = sext i23 %tmp_9_2_1_i to i24

ST_19: tmp1 (220)  [1/1] 2.20ns  loc: cnn_conv_d10x10_k3x3/core.cpp:53->cnn_conv_d10x10_k3x3/core.cpp:135
_ifconv1:23  %tmp1 = add i24 %tmp11_trunc25_ext_ca, %tmp11_trunc_ext_cast

ST_19: tmp11_cast (221)  [1/1] 0.00ns  loc: cnn_conv_d10x10_k3x3/core.cpp:53->cnn_conv_d10x10_k3x3/core.cpp:135
_ifconv1:24  %tmp11_cast = sext i24 %tmp1 to i25

ST_19: tmp12_trunc_ext_cast (222)  [1/1] 0.00ns  loc: cnn_conv_d10x10_k3x3/core.cpp:53->cnn_conv_d10x10_k3x3/core.cpp:135
_ifconv1:25  %tmp12_trunc_ext_cast = sext i23 %tmp_9_1_1_i to i24

ST_19: tmp12_trunc24_ext_ca (223)  [1/1] 0.00ns  loc: cnn_conv_d10x10_k3x3/core.cpp:53->cnn_conv_d10x10_k3x3/core.cpp:135
_ifconv1:26  %tmp12_trunc24_ext_ca = sext i23 %tmp_9_1_2_i to i24

ST_19: tmp4 (224)  [1/1] 2.20ns  loc: cnn_conv_d10x10_k3x3/core.cpp:53->cnn_conv_d10x10_k3x3/core.cpp:135
_ifconv1:27  %tmp4 = add i24 %tmp12_trunc_ext_cast, %tmp12_trunc24_ext_ca

ST_19: tmp12_cast (225)  [1/1] 0.00ns  loc: cnn_conv_d10x10_k3x3/core.cpp:53->cnn_conv_d10x10_k3x3/core.cpp:135
_ifconv1:28  %tmp12_cast = sext i24 %tmp4 to i25

ST_19: tmp5 (226)  [1/1] 2.20ns  loc: cnn_conv_d10x10_k3x3/core.cpp:53->cnn_conv_d10x10_k3x3/core.cpp:135
_ifconv1:29  %tmp5 = add i25 %tmp11_cast, %tmp12_cast

ST_19: tmp14_trunc_ext_cast (228)  [1/1] 0.00ns  loc: cnn_conv_d10x10_k3x3/core.cpp:53->cnn_conv_d10x10_k3x3/core.cpp:135
_ifconv1:31  %tmp14_trunc_ext_cast = sext i23 %tmp_9_0_i to i24

ST_19: tmp14_trunc23_ext_ca (229)  [1/1] 0.00ns  loc: cnn_conv_d10x10_k3x3/core.cpp:53->cnn_conv_d10x10_k3x3/core.cpp:135
_ifconv1:32  %tmp14_trunc23_ext_ca = sext i23 %tmp_9_0_1_i to i24

ST_19: tmp6 (230)  [1/1] 2.20ns  loc: cnn_conv_d10x10_k3x3/core.cpp:53->cnn_conv_d10x10_k3x3/core.cpp:135
_ifconv1:33  %tmp6 = add i24 %tmp14_trunc23_ext_ca, %tmp14_trunc_ext_cast

ST_19: tmp16_trunc_ext_cast (232)  [1/1] 0.00ns  loc: cnn_conv_d10x10_k3x3/core.cpp:53->cnn_conv_d10x10_k3x3/core.cpp:135
_ifconv1:35  %tmp16_trunc_ext_cast = sext i23 %tmp_9_0_2_i to i24

ST_19: tmp16_trunc26_ext_ca (233)  [1/1] 0.00ns  loc: cnn_conv_d10x10_k3x3/core.cpp:53->cnn_conv_d10x10_k3x3/core.cpp:135
_ifconv1:36  %tmp16_trunc26_ext_ca = sext i23 %tmp_9_2_2_i to i24

ST_19: tmp7 (234)  [1/1] 2.20ns  loc: cnn_conv_d10x10_k3x3/core.cpp:53->cnn_conv_d10x10_k3x3/core.cpp:135
_ifconv1:37  %tmp7 = add i24 %tmp16_trunc26_ext_ca, %tmp16_trunc_ext_cast

ST_19: tmp16_cast (235)  [1/1] 0.00ns  loc: cnn_conv_d10x10_k3x3/core.cpp:53->cnn_conv_d10x10_k3x3/core.cpp:135
_ifconv1:38  %tmp16_cast = sext i24 %tmp7 to i25

ST_19: tmp15_trunc_ext_cast (236)  [1/1] 0.00ns  loc: cnn_conv_d10x10_k3x3/core.cpp:53->cnn_conv_d10x10_k3x3/core.cpp:135
_ifconv1:39  %tmp15_trunc_ext_cast = sext i23 %tmp_9_1_i to i25

ST_19: tmp8 (237)  [1/1] 2.20ns  loc: cnn_conv_d10x10_k3x3/core.cpp:53->cnn_conv_d10x10_k3x3/core.cpp:135
_ifconv1:40  %tmp8 = add i25 %tmp15_trunc_ext_cast, %tmp16_cast


 <State 20>: 6.01ns
ST_20: writeCount_1_load (198)  [1/1] 0.00ns  loc: cnn_conv_d10x10_k3x3/core.cpp:133
_ifconv1:1  %writeCount_1_load = load i32* %writeCount_1

ST_20: writeCount (199)  [1/1] 2.44ns  loc: cnn_conv_d10x10_k3x3/core.cpp:133
_ifconv1:2  %writeCount = add nsw i32 %writeCount_1_load, 1

ST_20: tmp10_cast (227)  [1/1] 0.00ns  loc: cnn_conv_d10x10_k3x3/core.cpp:53->cnn_conv_d10x10_k3x3/core.cpp:135
_ifconv1:30  %tmp10_cast = sext i25 %tmp5 to i27

ST_20: tmp14_cast (231)  [1/1] 0.00ns  loc: cnn_conv_d10x10_k3x3/core.cpp:53->cnn_conv_d10x10_k3x3/core.cpp:135
_ifconv1:34  %tmp14_cast = sext i24 %tmp6 to i26

ST_20: tmp15_cast (238)  [1/1] 0.00ns  loc: cnn_conv_d10x10_k3x3/core.cpp:53->cnn_conv_d10x10_k3x3/core.cpp:135
_ifconv1:41  %tmp15_cast = sext i25 %tmp8 to i26

ST_20: tmp9 (239)  [1/1] 2.32ns  loc: cnn_conv_d10x10_k3x3/core.cpp:53->cnn_conv_d10x10_k3x3/core.cpp:135
_ifconv1:42  %tmp9 = add i26 %tmp14_cast, %tmp15_cast

ST_20: tmp13_cast (240)  [1/1] 0.00ns  loc: cnn_conv_d10x10_k3x3/core.cpp:53->cnn_conv_d10x10_k3x3/core.cpp:135
_ifconv1:43  %tmp13_cast = sext i26 %tmp9 to i27

ST_20: result_4_2_2_i (241)  [1/1] 2.32ns  loc: cnn_conv_d10x10_k3x3/core.cpp:53->cnn_conv_d10x10_k3x3/core.cpp:135
_ifconv1:44  %result_4_2_2_i = add i27 %tmp10_cast, %tmp13_cast

ST_20: result_4_2_2_i_cast1 (242)  [1/1] 0.00ns  loc: cnn_conv_d10x10_k3x3/core.cpp:53->cnn_conv_d10x10_k3x3/core.cpp:135 (grouped into LUT with out node tmp_data_V_2)
_ifconv1:45  %result_4_2_2_i_cast1 = sext i27 %result_4_2_2_i to i32

ST_20: tmp_10 (243)  [1/1] 0.00ns  loc: cnn_conv_d10x10_k3x3/core.cpp:59->cnn_conv_d10x10_k3x3/core.cpp:135 (grouped into LUT with out node tmp_data_V_2)
_ifconv1:46  %tmp_10 = call i1 @_ssdm_op_BitSelect.i1.i27.i32(i27 %result_4_2_2_i, i32 26)

ST_20: result (244)  [1/1] 0.00ns  loc: cnn_conv_d10x10_k3x3/core.cpp:59->cnn_conv_d10x10_k3x3/core.cpp:135 (grouped into LUT with out node tmp_data_V_2)
_ifconv1:47  %result = select i1 %tmp_10, i27 0, i27 %result_4_2_2_i

ST_20: result_cast1 (245)  [1/1] 0.00ns  loc: cnn_conv_d10x10_k3x3/core.cpp:59->cnn_conv_d10x10_k3x3/core.cpp:135 (grouped into LUT with out node tmp_data_V_2)
_ifconv1:48  %result_cast1 = sext i27 %result to i31

ST_20: result_cast (246)  [1/1] 0.00ns  loc: cnn_conv_d10x10_k3x3/core.cpp:59->cnn_conv_d10x10_k3x3/core.cpp:135 (grouped into LUT with out node tmp_data_V_2)
_ifconv1:49  %result_cast = zext i31 %result_cast1 to i32

ST_20: tmp_data_V_2 (247)  [1/1] 1.37ns  loc: cnn_conv_d10x10_k3x3/core.cpp:143 (out node of the LUT)
_ifconv1:50  %tmp_data_V_2 = select i1 %tmp_8, i32 %result_cast, i32 %result_4_2_2_i_cast1

ST_20: tmp_last_V (248)  [1/1] 2.52ns  loc: cnn_conv_d10x10_k3x3/core.cpp:66->cnn_conv_d10x10_k3x3/core.cpp:141
_ifconv1:51  %tmp_last_V = icmp eq i32 %writeCount, 64

ST_20: StgValue_325 (249)  [2/2] 0.00ns  loc: cnn_conv_d10x10_k3x3/core.cpp:143
_ifconv1:52  call void @_ssdm_op_Write.axis.volatile.i32P.i4P.i4P.i2P.i1P.i5P.i6P(i32* %outStream_V_data_V, i4* %outStream_V_keep_V, i4* %outStream_V_strb_V, i2* %outStream_V_user_V, i1* %outStream_V_last_V, i5* %outStream_V_id_V, i6* %outStream_V_dest_V, i32 %tmp_data_V_2, i4 -1, i4 0, i2 0, i1 %tmp_last_V, i5 0, i6 0)

ST_20: StgValue_326 (250)  [1/1] 1.57ns  loc: cnn_conv_d10x10_k3x3/core.cpp:65->cnn_conv_d10x10_k3x3/core.cpp:141
_ifconv1:53  store i32 %writeCount, i32* %writeCount_1


 <State 21>: 0.00ns
ST_21: StgValue_327 (249)  [1/2] 0.00ns  loc: cnn_conv_d10x10_k3x3/core.cpp:143
_ifconv1:52  call void @_ssdm_op_Write.axis.volatile.i32P.i4P.i4P.i2P.i1P.i5P.i6P(i32* %outStream_V_data_V, i4* %outStream_V_keep_V, i4* %outStream_V_strb_V, i2* %outStream_V_user_V, i1* %outStream_V_last_V, i5* %outStream_V_id_V, i6* %outStream_V_dest_V, i32 %tmp_data_V_2, i4 -1, i4 0, i2 0, i1 %tmp_last_V, i5 0, i6 0)

ST_21: StgValue_328 (251)  [1/1] 0.00ns  loc: cnn_conv_d10x10_k3x3/core.cpp:144
_ifconv1:54  br label %._crit_edge


 <State 22>: 0.00ns
ST_22: StgValue_329 (276)  [1/1] 0.00ns  loc: cnn_conv_d10x10_k3x3/core.cpp:173
:0  ret void



============================================================
+ Verbose Summary: Timing violations
============================================================
Target clock period: 10ns, clock uncertainty: 1.25ns.

 <State 1>: 1.57ns
The critical path consists of the following:
	multiplexor before 'phi' operation ('x') with incoming values : ('x', cnn_conv_d10x10_k3x3/core.cpp:97) [60]  (1.57 ns)

 <State 2>: 3.25ns
The critical path consists of the following:
	'icmp' operation ('exitcond1', cnn_conv_d10x10_k3x3/core.cpp:97) [61]  (1.88 ns)
	blocking operation 1.37 ns on control path)

 <State 3>: 2.39ns
The critical path consists of the following:
	'getelementptr' operation ('lineBuffer_0_addr', cnn_conv_d10x10_k3x3/core.cpp:97) [70]  (0 ns)
	'store' operation (cnn_conv_d10x10_k3x3/core.cpp:100) of variable 'tmp.data.V', cnn_conv_d10x10_k3x3/core.cpp:99 on array 'lineBuffer[0]', cnn_conv_d10x10_k3x3/core.cpp:89 [71]  (2.39 ns)

 <State 4>: 1.57ns
The critical path consists of the following:
	multiplexor before 'phi' operation ('x1', cnn_conv_d10x10_k3x3/core.cpp:105) with incoming values : ('x_2', cnn_conv_d10x10_k3x3/core.cpp:105) [78]  (1.57 ns)

 <State 5>: 3.25ns
The critical path consists of the following:
	'icmp' operation ('exitcond4', cnn_conv_d10x10_k3x3/core.cpp:105) [79]  (1.88 ns)
	blocking operation 1.37 ns on control path)

 <State 6>: 2.39ns
The critical path consists of the following:
	'getelementptr' operation ('lineBuffer_1_addr', cnn_conv_d10x10_k3x3/core.cpp:105) [89]  (0 ns)
	'store' operation (cnn_conv_d10x10_k3x3/core.cpp:108) of variable 'tmp.data.V', cnn_conv_d10x10_k3x3/core.cpp:107 on array 'lineBuffer[1]', cnn_conv_d10x10_k3x3/core.cpp:89 [90]  (2.39 ns)

 <State 7>: 1.57ns
The critical path consists of the following:
	multiplexor before 'phi' operation ('indvar_flatten') with incoming values : ('indvar_flatten_next') [97]  (1.57 ns)

 <State 8>: 5.92ns
The critical path consists of the following:
	'phi' operation ('x') with incoming values : ('x', cnn_conv_d10x10_k3x3/core.cpp:117) [102]  (0 ns)
	'icmp' operation ('exitcond', cnn_conv_d10x10_k3x3/core.cpp:117) [109]  (1.36 ns)
	'select' operation ('x4_mid2', cnn_conv_d10x10_k3x3/core.cpp:117) [110]  (1.37 ns)
	'add' operation ('tmp_s', cnn_conv_d10x10_k3x3/core.cpp:119) [120]  (0.8 ns)
	'getelementptr' operation ('lineBuffer_1_addr_1', cnn_conv_d10x10_k3x3/core.cpp:119) [123]  (0 ns)
	'load' operation ('lineBuffer_1_load', cnn_conv_d10x10_k3x3/core.cpp:119) on array 'lineBuffer[1]', cnn_conv_d10x10_k3x3/core.cpp:89 [125]  (2.39 ns)

 <State 9>: 5.13ns
The critical path consists of the following:
	'load' operation ('lineBuffer_0_load', cnn_conv_d10x10_k3x3/core.cpp:119) on array 'lineBuffer[0]', cnn_conv_d10x10_k3x3/core.cpp:89 [124]  (2.39 ns)
	'select' operation ('window[1][1]', cnn_conv_d10x10_k3x3/core.cpp:119) [126]  (1.37 ns)
	'select' operation ('window[2][2]', cnn_conv_d10x10_k3x3/core.cpp:119) [128]  (0 ns)
	'select' operation ('window[2][2]', cnn_conv_d10x10_k3x3/core.cpp:119) [134]  (1.37 ns)

 <State 10>: 1.57ns
The critical path consists of the following:
	'load' operation ('window_2_2_load', cnn_conv_d10x10_k3x3/core.cpp:119) on local variable 'window[2][2]' [146]  (0 ns)
	'store' operation (cnn_conv_d10x10_k3x3/core.cpp:119) of variable 'window_2_2_load', cnn_conv_d10x10_k3x3/core.cpp:119 on local variable 'window[2][1]' [153]  (1.57 ns)

 <State 11>: 7.86ns
The critical path consists of the following:
	'phi' operation ('x') with incoming values : ('x', cnn_conv_d10x10_k3x3/core.cpp:125) [161]  (0 ns)
	'icmp' operation ('exitcond2', cnn_conv_d10x10_k3x3/core.cpp:125) [177]  (1.88 ns)
	'select' operation ('x_assign_mid2', cnn_conv_d10x10_k3x3/core.cpp:125) [178]  (1.37 ns)
	'icmp' operation ('tmp_i_15', cnn_conv_d10x10_k3x3/core.cpp:40->cnn_conv_d10x10_k3x3/core.cpp:129) [190]  (1.88 ns)
	'or' operation ('tmp2', cnn_conv_d10x10_k3x3/core.cpp:40->cnn_conv_d10x10_k3x3/core.cpp:129) [192]  (1.37 ns)
	'or' operation ('p_i', cnn_conv_d10x10_k3x3/core.cpp:40->cnn_conv_d10x10_k3x3/core.cpp:129) [194]  (1.37 ns)

 <State 12>: 4.81ns
The critical path consists of the following:
	s_axi read on port 'kernel_0' (cnn_conv_d10x10_k3x3/core.cpp:135) [200]  (1 ns)
	'call' operation ('tmp_9_0_i', cnn_conv_d10x10_k3x3/core.cpp:53->cnn_conv_d10x10_k3x3/core.cpp:135) to 'fixed_point_mul' [209]  (3.81 ns)

 <State 13>: 6.08ns
The critical path consists of the following:
	'call' operation ('tmp_9_0_i', cnn_conv_d10x10_k3x3/core.cpp:53->cnn_conv_d10x10_k3x3/core.cpp:135) to 'fixed_point_mul' [209]  (6.08 ns)

 <State 14>: 6.08ns
The critical path consists of the following:
	'call' operation ('tmp_9_0_i', cnn_conv_d10x10_k3x3/core.cpp:53->cnn_conv_d10x10_k3x3/core.cpp:135) to 'fixed_point_mul' [209]  (6.08 ns)

 <State 15>: 6.08ns
The critical path consists of the following:
	'call' operation ('tmp_9_0_i', cnn_conv_d10x10_k3x3/core.cpp:53->cnn_conv_d10x10_k3x3/core.cpp:135) to 'fixed_point_mul' [209]  (6.08 ns)

 <State 16>: 6.08ns
The critical path consists of the following:
	'call' operation ('tmp_9_0_i', cnn_conv_d10x10_k3x3/core.cpp:53->cnn_conv_d10x10_k3x3/core.cpp:135) to 'fixed_point_mul' [209]  (6.08 ns)

 <State 17>: 6.08ns
The critical path consists of the following:
	'call' operation ('tmp_9_0_i', cnn_conv_d10x10_k3x3/core.cpp:53->cnn_conv_d10x10_k3x3/core.cpp:135) to 'fixed_point_mul' [209]  (6.08 ns)

 <State 18>: 6.08ns
The critical path consists of the following:
	'call' operation ('tmp_9_0_i', cnn_conv_d10x10_k3x3/core.cpp:53->cnn_conv_d10x10_k3x3/core.cpp:135) to 'fixed_point_mul' [209]  (6.08 ns)

 <State 19>: 7.97ns
The critical path consists of the following:
	'call' operation ('tmp_9_0_2_i', cnn_conv_d10x10_k3x3/core.cpp:53->cnn_conv_d10x10_k3x3/core.cpp:135) to 'fixed_point_mul' [211]  (3.57 ns)
	'add' operation ('tmp7', cnn_conv_d10x10_k3x3/core.cpp:53->cnn_conv_d10x10_k3x3/core.cpp:135) [234]  (2.2 ns)
	'add' operation ('tmp8', cnn_conv_d10x10_k3x3/core.cpp:53->cnn_conv_d10x10_k3x3/core.cpp:135) [237]  (2.2 ns)

 <State 20>: 6.01ns
The critical path consists of the following:
	'add' operation ('tmp9', cnn_conv_d10x10_k3x3/core.cpp:53->cnn_conv_d10x10_k3x3/core.cpp:135) [239]  (2.32 ns)
	'add' operation ('result_4_2_2_i', cnn_conv_d10x10_k3x3/core.cpp:53->cnn_conv_d10x10_k3x3/core.cpp:135) [241]  (2.32 ns)
	'select' operation ('val', cnn_conv_d10x10_k3x3/core.cpp:143) [247]  (1.37 ns)
	axis write on port 'outStream_V_data_V' (cnn_conv_d10x10_k3x3/core.cpp:143) [249]  (0 ns)

 <State 21>: 0ns
The critical path consists of the following:

 <State 22>: 0ns
The critical path consists of the following:


============================================================
+ Verbose Summary: Binding
============================================================
N/A
* FSMD analyzer results:
  - Output states:
 - Input state : 
  - Chain level:
	State 1
	State 2
	State 3
	State 4
	State 5
	State 6
	State 7
	State 8
	State 9
	State 10
	State 11
	State 12
	State 13
	State 14
	State 15
	State 16
	State 17
	State 18
	State 19
	State 20
	State 21
	State 22


============================================================
+ Verbose Summary: Datapath Resource usage 
============================================================
N/A
